a:6:{s:3:"row";i:1;s:7:"message";s:58:"Product with same SKU already exists. SKU: GT.ANLANH.S.10A";s:6:"status";b:0;s:10:"status_msg";s:14:"Failed/Skipped";s:7:"post_id";s:0:"";s:9:"post_link";a:2:{s:5:"title";s:22:"Không có tiêu đề";s:8:"edit_url";b:0;}}
a:6:{s:3:"row";i:2;s:7:"message";s:55:"Product with same SKU already exists. SKU: GT.DT8.S.05B";s:6:"status";b:0;s:10:"status_msg";s:14:"Failed/Skipped";s:7:"post_id";s:0:"";s:9:"post_link";a:2:{s:5:"title";s:22:"Không có tiêu đề";s:8:"edit_url";b:0;}}
a:6:{s:3:"row";i:3;s:7:"message";s:55:"Product with same SKU already exists. SKU: GT.DT8.S.10A";s:6:"status";b:0;s:10:"status_msg";s:14:"Failed/Skipped";s:7:"post_id";s:0:"";s:9:"post_link";a:2:{s:5:"title";s:22:"Không có tiêu đề";s:8:"edit_url";b:0;}}
a:6:{s:3:"row";i:4;s:7:"message";s:56:"Product with same SKU already exists. SKU: GT.JAPO.S.05B";s:6:"status";b:0;s:10:"status_msg";s:14:"Failed/Skipped";s:7:"post_id";s:0:"";s:9:"post_link";a:2:{s:5:"title";s:22:"Không có tiêu đề";s:8:"edit_url";b:0;}}
a:6:{s:3:"row";i:5;s:7:"message";s:56:"Product with same SKU already exists. SKU: GT.ST21.S.05D";s:6:"status";b:0;s:10:"status_msg";s:14:"Failed/Skipped";s:7:"post_id";s:0:"";s:9:"post_link";a:2:{s:5:"title";s:22:"Không có tiêu đề";s:8:"edit_url";b:0;}}
a:6:{s:3:"row";i:6;s:7:"message";s:56:"Product with same SKU already exists. SKU: GT.ST24.S.05C";s:6:"status";b:0;s:10:"status_msg";s:14:"Failed/Skipped";s:7:"post_id";s:0:"";s:9:"post_link";a:2:{s:5:"title";s:22:"Không có tiêu đề";s:8:"edit_url";b:0;}}
a:6:{s:3:"row";i:7;s:7:"message";s:56:"Product with same SKU already exists. SKU: GT.ST25.S.05C";s:6:"status";b:0;s:10:"status_msg";s:14:"Failed/Skipped";s:7:"post_id";s:0:"";s:9:"post_link";a:2:{s:5:"title";s:22:"Không có tiêu đề";s:8:"edit_url";b:0;}}
a:6:{s:3:"row";i:8;s:7:"message";s:57:"Product with same SKU already exists. SKU: GT.ST25T.S.05B";s:6:"status";b:0;s:10:"status_msg";s:14:"Failed/Skipped";s:7:"post_id";s:0:"";s:9:"post_link";a:2:{s:5:"title";s:22:"Không có tiêu đề";s:8:"edit_url";b:0;}}
a:6:{s:3:"row";i:9;s:7:"message";s:46:"Product with same SKU already exists. SKU: A11";s:6:"status";b:0;s:10:"status_msg";s:14:"Failed/Skipped";s:7:"post_id";s:0:"";s:9:"post_link";a:2:{s:5:"title";s:22:"Không có tiêu đề";s:8:"edit_url";b:0;}}
a:6:{s:3:"row";i:10;s:7:"message";s:45:"Product with same SKU already exists. SKU: A2";s:6:"status";b:0;s:10:"status_msg";s:14:"Failed/Skipped";s:7:"post_id";s:0:"";s:9:"post_link";a:2:{s:5:"title";s:22:"Không có tiêu đề";s:8:"edit_url";b:0;}}
a:6:{s:3:"row";i:11;s:7:"message";s:46:"Product with same SKU already exists. SKU: A26";s:6:"status";b:0;s:10:"status_msg";s:14:"Failed/Skipped";s:7:"post_id";s:0:"";s:9:"post_link";a:2:{s:5:"title";s:22:"Không có tiêu đề";s:8:"edit_url";b:0;}}
a:6:{s:3:"row";i:12;s:7:"message";s:46:"Product with same SKU already exists. SKU: A29";s:6:"status";b:0;s:10:"status_msg";s:14:"Failed/Skipped";s:7:"post_id";s:0:"";s:9:"post_link";a:2:{s:5:"title";s:22:"Không có tiêu đề";s:8:"edit_url";b:0;}}
a:6:{s:3:"row";i:13;s:7:"message";s:47:"Product with same SKU already exists. SKU: A291";s:6:"status";b:0;s:10:"status_msg";s:14:"Failed/Skipped";s:7:"post_id";s:0:"";s:9:"post_link";a:2:{s:5:"title";s:22:"Không có tiêu đề";s:8:"edit_url";b:0;}}
a:6:{s:3:"row";i:14;s:7:"message";s:47:"Product with same SKU already exists. SKU: A350";s:6:"status";b:0;s:10:"status_msg";s:14:"Failed/Skipped";s:7:"post_id";s:0:"";s:9:"post_link";a:2:{s:5:"title";s:22:"Không có tiêu đề";s:8:"edit_url";b:0;}}
a:6:{s:3:"row";i:15;s:7:"message";s:47:"Product with same SKU already exists. SKU: A380";s:6:"status";b:0;s:10:"status_msg";s:14:"Failed/Skipped";s:7:"post_id";s:0:"";s:9:"post_link";a:2:{s:5:"title";s:22:"Không có tiêu đề";s:8:"edit_url";b:0;}}
a:6:{s:3:"row";i:16;s:7:"message";s:45:"Product with same SKU already exists. SKU: A4";s:6:"status";b:0;s:10:"status_msg";s:14:"Failed/Skipped";s:7:"post_id";s:0:"";s:9:"post_link";a:2:{s:5:"title";s:22:"Không có tiêu đề";s:8:"edit_url";b:0;}}
a:6:{s:3:"row";i:17;s:7:"message";s:46:"Product with same SKU already exists. SKU: A43";s:6:"status";b:0;s:10:"status_msg";s:14:"Failed/Skipped";s:7:"post_id";s:0:"";s:9:"post_link";a:2:{s:5:"title";s:22:"Không có tiêu đề";s:8:"edit_url";b:0;}}
a:6:{s:3:"row";i:18;s:7:"message";s:46:"Product with same SKU already exists. SKU: A53";s:6:"status";b:0;s:10:"status_msg";s:14:"Failed/Skipped";s:7:"post_id";s:0:"";s:9:"post_link";a:2:{s:5:"title";s:22:"Không có tiêu đề";s:8:"edit_url";b:0;}}
a:6:{s:3:"row";i:19;s:7:"message";s:46:"Product with same SKU already exists. SKU: A57";s:6:"status";b:0;s:10:"status_msg";s:14:"Failed/Skipped";s:7:"post_id";s:0:"";s:9:"post_link";a:2:{s:5:"title";s:22:"Không có tiêu đề";s:8:"edit_url";b:0;}}
a:6:{s:3:"row";i:20;s:7:"message";s:47:"Product with same SKU already exists. SKU: A700";s:6:"status";b:0;s:10:"status_msg";s:14:"Failed/Skipped";s:7:"post_id";s:0:"";s:9:"post_link";a:2:{s:5:"title";s:22:"Không có tiêu đề";s:8:"edit_url";b:0;}}
a:6:{s:3:"row";i:21;s:7:"message";s:47:"Product with same SKU already exists. SKU: A770";s:6:"status";b:0;s:10:"status_msg";s:14:"Failed/Skipped";s:7:"post_id";s:0:"";s:9:"post_link";a:2:{s:5:"title";s:22:"Không có tiêu đề";s:8:"edit_url";b:0;}}
a:6:{s:3:"row";i:22;s:7:"message";s:48:"Product with same SKU already exists. SKU: AN19H";s:6:"status";b:0;s:10:"status_msg";s:14:"Failed/Skipped";s:7:"post_id";s:0:"";s:9:"post_link";a:2:{s:5:"title";s:22:"Không có tiêu đề";s:8:"edit_url";b:0;}}
a:6:{s:3:"row";i:23;s:7:"message";s:48:"Product with same SKU already exists. SKU: AN19V";s:6:"status";b:0;s:10:"status_msg";s:14:"Failed/Skipped";s:7:"post_id";s:0:"";s:9:"post_link";a:2:{s:5:"title";s:22:"Không có tiêu đề";s:8:"edit_url";b:0;}}
a:6:{s:3:"row";i:24;s:7:"message";s:47:"Product with same SKU already exists. SKU: AN27";s:6:"status";b:0;s:10:"status_msg";s:14:"Failed/Skipped";s:7:"post_id";s:0:"";s:9:"post_link";a:2:{s:5:"title";s:22:"Không có tiêu đề";s:8:"edit_url";b:0;}}
a:6:{s:3:"row";i:25;s:7:"message";s:48:"Product with same SKU already exists. SKU: AN271";s:6:"status";b:0;s:10:"status_msg";s:14:"Failed/Skipped";s:7:"post_id";s:0:"";s:9:"post_link";a:2:{s:5:"title";s:22:"Không có tiêu đề";s:8:"edit_url";b:0;}}
a:6:{s:3:"row";i:26;s:7:"message";s:47:"Product with same SKU already exists. SKU: AN36";s:6:"status";b:0;s:10:"status_msg";s:14:"Failed/Skipped";s:7:"post_id";s:0:"";s:9:"post_link";a:2:{s:5:"title";s:22:"Không có tiêu đề";s:8:"edit_url";b:0;}}
a:6:{s:3:"row";i:27;s:7:"message";s:48:"Product with same SKU already exists. SKU: AN36H";s:6:"status";b:0;s:10:"status_msg";s:14:"Failed/Skipped";s:7:"post_id";s:0:"";s:9:"post_link";a:2:{s:5:"title";s:22:"Không có tiêu đề";s:8:"edit_url";b:0;}}
a:6:{s:3:"row";i:28;s:7:"message";s:46:"Product with same SKU already exists. SKU: BK2";s:6:"status";b:0;s:10:"status_msg";s:14:"Failed/Skipped";s:7:"post_id";s:0:"";s:9:"post_link";a:2:{s:5:"title";s:22:"Không có tiêu đề";s:8:"edit_url";b:0;}}
a:6:{s:3:"row";i:29;s:7:"message";s:47:"Product with same SKU already exists. SKU: BK23";s:6:"status";b:0;s:10:"status_msg";s:14:"Failed/Skipped";s:7:"post_id";s:0:"";s:9:"post_link";a:2:{s:5:"title";s:22:"Không có tiêu đề";s:8:"edit_url";b:0;}}
a:6:{s:3:"row";i:30;s:7:"message";s:48:"Product with same SKU already exists. SKU: BK231";s:6:"status";b:0;s:10:"status_msg";s:14:"Failed/Skipped";s:7:"post_id";s:0:"";s:9:"post_link";a:2:{s:5:"title";s:22:"Không có tiêu đề";s:8:"edit_url";b:0;}}
a:6:{s:3:"row";i:31;s:7:"message";s:48:"Product with same SKU already exists. SKU: BK311";s:6:"status";b:0;s:10:"status_msg";s:14:"Failed/Skipped";s:7:"post_id";s:0:"";s:9:"post_link";a:2:{s:5:"title";s:22:"Không có tiêu đề";s:8:"edit_url";b:0;}}
a:6:{s:3:"row";i:32;s:7:"message";s:48:"Product with same SKU already exists. SKU: BK312";s:6:"status";b:0;s:10:"status_msg";s:14:"Failed/Skipped";s:7:"post_id";s:0:"";s:9:"post_link";a:2:{s:5:"title";s:22:"Không có tiêu đề";s:8:"edit_url";b:0;}}
a:6:{s:3:"row";i:33;s:7:"message";s:48:"Product with same SKU already exists. SKU: BK33H";s:6:"status";b:0;s:10:"status_msg";s:14:"Failed/Skipped";s:7:"post_id";s:0:"";s:9:"post_link";a:2:{s:5:"title";s:22:"Không có tiêu đề";s:8:"edit_url";b:0;}}
a:6:{s:3:"row";i:34;s:7:"message";s:48:"Product with same SKU already exists. SKU: BK33X";s:6:"status";b:0;s:10:"status_msg";s:14:"Failed/Skipped";s:7:"post_id";s:0:"";s:9:"post_link";a:2:{s:5:"title";s:22:"Không có tiêu đề";s:8:"edit_url";b:0;}}
a:6:{s:3:"row";i:35;s:7:"message";s:47:"Product with same SKU already exists. SKU: BK43";s:6:"status";b:0;s:10:"status_msg";s:14:"Failed/Skipped";s:7:"post_id";s:0:"";s:9:"post_link";a:2:{s:5:"title";s:22:"Không có tiêu đề";s:8:"edit_url";b:0;}}
a:6:{s:3:"row";i:36;s:7:"message";s:48:"Product with same SKU already exists. SKU: BK520";s:6:"status";b:0;s:10:"status_msg";s:14:"Failed/Skipped";s:7:"post_id";s:0:"";s:9:"post_link";a:2:{s:5:"title";s:22:"Không có tiêu đề";s:8:"edit_url";b:0;}}
a:6:{s:3:"row";i:37;s:7:"message";s:47:"Product with same SKU already exists. SKU: BK57";s:6:"status";b:0;s:10:"status_msg";s:14:"Failed/Skipped";s:7:"post_id";s:0:"";s:9:"post_link";a:2:{s:5:"title";s:22:"Không có tiêu đề";s:8:"edit_url";b:0;}}
a:6:{s:3:"row";i:38;s:7:"message";s:48:"Product with same SKU already exists. SKU: EBNGH";s:6:"status";b:0;s:10:"status_msg";s:14:"Failed/Skipped";s:7:"post_id";s:0:"";s:9:"post_link";a:2:{s:5:"title";s:22:"Không có tiêu đề";s:8:"edit_url";b:0;}}
a:6:{s:3:"row";i:39;s:7:"message";s:47:"Product with same SKU already exists. SKU: EKEN";s:6:"status";b:0;s:10:"status_msg";s:14:"Failed/Skipped";s:7:"post_id";s:0:"";s:9:"post_link";a:2:{s:5:"title";s:22:"Không có tiêu đề";s:8:"edit_url";b:0;}}
a:6:{s:3:"row";i:40;s:7:"message";s:47:"Product with same SKU already exists. SKU: ELOT";s:6:"status";b:0;s:10:"status_msg";s:14:"Failed/Skipped";s:7:"post_id";s:0:"";s:9:"post_link";a:2:{s:5:"title";s:22:"Không có tiêu đề";s:8:"edit_url";b:0;}}
a:6:{s:3:"row";i:41;s:7:"message";s:47:"Product with same SKU already exists. SKU: EMUN";s:6:"status";b:0;s:10:"status_msg";s:14:"Failed/Skipped";s:7:"post_id";s:0:"";s:9:"post_link";a:2:{s:5:"title";s:22:"Không có tiêu đề";s:8:"edit_url";b:0;}}
a:6:{s:3:"row";i:42;s:7:"message";s:47:"Product with same SKU already exists. SKU: ETOM";s:6:"status";b:0;s:10:"status_msg";s:14:"Failed/Skipped";s:7:"post_id";s:0:"";s:9:"post_link";a:2:{s:5:"title";s:22:"Không có tiêu đề";s:8:"edit_url";b:0;}}
a:6:{s:3:"row";i:43;s:7:"message";s:49:"Product with same SKU already exists. SKU: JUNC82";s:6:"status";b:0;s:10:"status_msg";s:14:"Failed/Skipped";s:7:"post_id";s:0:"";s:9:"post_link";a:2:{s:5:"title";s:22:"Không có tiêu đề";s:8:"edit_url";b:0;}}
a:6:{s:3:"row";i:44;s:7:"message";s:49:"Product with same SKU already exists. SKU: JUNC83";s:6:"status";b:0;s:10:"status_msg";s:14:"Failed/Skipped";s:7:"post_id";s:0:"";s:9:"post_link";a:2:{s:5:"title";s:22:"Không có tiêu đề";s:8:"edit_url";b:0;}}
a:6:{s:3:"row";i:45;s:7:"message";s:48:"Product with same SKU already exists. SKU: JUNT4";s:6:"status";b:0;s:10:"status_msg";s:14:"Failed/Skipped";s:7:"post_id";s:0:"";s:9:"post_link";a:2:{s:5:"title";s:22:"Không có tiêu đề";s:8:"edit_url";b:0;}}
a:6:{s:3:"row";i:46;s:7:"message";s:47:"Product with same SKU already exists. SKU: KDR1";s:6:"status";b:0;s:10:"status_msg";s:14:"Failed/Skipped";s:7:"post_id";s:0:"";s:9:"post_link";a:2:{s:5:"title";s:22:"Không có tiêu đề";s:8:"edit_url";b:0;}}
a:6:{s:3:"row";i:47;s:7:"message";s:47:"Product with same SKU already exists. SKU: KDR7";s:6:"status";b:0;s:10:"status_msg";s:14:"Failed/Skipped";s:7:"post_id";s:0:"";s:9:"post_link";a:2:{s:5:"title";s:22:"Không có tiêu đề";s:8:"edit_url";b:0;}}
a:6:{s:3:"row";i:48;s:7:"message";s:47:"Product with same SKU already exists. SKU: KDR8";s:6:"status";b:0;s:10:"status_msg";s:14:"Failed/Skipped";s:7:"post_id";s:0:"";s:9:"post_link";a:2:{s:5:"title";s:22:"Không có tiêu đề";s:8:"edit_url";b:0;}}
a:6:{s:3:"row";i:49;s:7:"message";s:46:"Product with same SKU already exists. SKU: RC1";s:6:"status";b:0;s:10:"status_msg";s:14:"Failed/Skipped";s:7:"post_id";s:0:"";s:9:"post_link";a:2:{s:5:"title";s:22:"Không có tiêu đề";s:8:"edit_url";b:0;}}
a:6:{s:3:"row";i:50;s:7:"message";s:46:"Product with same SKU already exists. SKU: RC3";s:6:"status";b:0;s:10:"status_msg";s:14:"Failed/Skipped";s:7:"post_id";s:0:"";s:9:"post_link";a:2:{s:5:"title";s:22:"Không có tiêu đề";s:8:"edit_url";b:0;}}
a:6:{s:3:"row";i:51;s:7:"message";s:50:"Product with same SKU already exists. SKU: 3921018";s:6:"status";b:0;s:10:"status_msg";s:14:"Failed/Skipped";s:7:"post_id";s:0:"";s:9:"post_link";a:2:{s:5:"title";s:22:"Không có tiêu đề";s:8:"edit_url";b:0;}}
a:6:{s:3:"row";i:52;s:7:"message";s:50:"Product with same SKU already exists. SKU: 3921020";s:6:"status";b:0;s:10:"status_msg";s:14:"Failed/Skipped";s:7:"post_id";s:0:"";s:9:"post_link";a:2:{s:5:"title";s:22:"Không có tiêu đề";s:8:"edit_url";b:0;}}
a:6:{s:3:"row";i:53;s:7:"message";s:50:"Product with same SKU already exists. SKU: 3921021";s:6:"status";b:0;s:10:"status_msg";s:14:"Failed/Skipped";s:7:"post_id";s:0:"";s:9:"post_link";a:2:{s:5:"title";s:22:"Không có tiêu đề";s:8:"edit_url";b:0;}}
a:6:{s:3:"row";i:54;s:7:"message";s:50:"Product with same SKU already exists. SKU: 3921022";s:6:"status";b:0;s:10:"status_msg";s:14:"Failed/Skipped";s:7:"post_id";s:0:"";s:9:"post_link";a:2:{s:5:"title";s:22:"Không có tiêu đề";s:8:"edit_url";b:0;}}
a:6:{s:3:"row";i:55;s:7:"message";s:50:"Product with same SKU already exists. SKU: 3921024";s:6:"status";b:0;s:10:"status_msg";s:14:"Failed/Skipped";s:7:"post_id";s:0:"";s:9:"post_link";a:2:{s:5:"title";s:22:"Không có tiêu đề";s:8:"edit_url";b:0;}}
a:6:{s:3:"row";i:56;s:7:"message";s:50:"Product with same SKU already exists. SKU: 3921026";s:6:"status";b:0;s:10:"status_msg";s:14:"Failed/Skipped";s:7:"post_id";s:0:"";s:9:"post_link";a:2:{s:5:"title";s:22:"Không có tiêu đề";s:8:"edit_url";b:0;}}
a:6:{s:3:"row";i:57;s:7:"message";s:50:"Product with same SKU already exists. SKU: 3921028";s:6:"status";b:0;s:10:"status_msg";s:14:"Failed/Skipped";s:7:"post_id";s:0:"";s:9:"post_link";a:2:{s:5:"title";s:22:"Không có tiêu đề";s:8:"edit_url";b:0;}}
a:6:{s:3:"row";i:58;s:7:"message";s:50:"Product with same SKU already exists. SKU: 3937011";s:6:"status";b:0;s:10:"status_msg";s:14:"Failed/Skipped";s:7:"post_id";s:0:"";s:9:"post_link";a:2:{s:5:"title";s:22:"Không có tiêu đề";s:8:"edit_url";b:0;}}
a:6:{s:3:"row";i:59;s:7:"message";s:50:"Product with same SKU already exists. SKU: 3937012";s:6:"status";b:0;s:10:"status_msg";s:14:"Failed/Skipped";s:7:"post_id";s:0:"";s:9:"post_link";a:2:{s:5:"title";s:22:"Không có tiêu đề";s:8:"edit_url";b:0;}}
a:6:{s:3:"row";i:60;s:7:"message";s:50:"Product with same SKU already exists. SKU: 3937013";s:6:"status";b:0;s:10:"status_msg";s:14:"Failed/Skipped";s:7:"post_id";s:0:"";s:9:"post_link";a:2:{s:5:"title";s:22:"Không có tiêu đề";s:8:"edit_url";b:0;}}
a:6:{s:3:"row";i:61;s:7:"message";s:50:"Product with same SKU already exists. SKU: 3937016";s:6:"status";b:0;s:10:"status_msg";s:14:"Failed/Skipped";s:7:"post_id";s:0:"";s:9:"post_link";a:2:{s:5:"title";s:22:"Không có tiêu đề";s:8:"edit_url";b:0;}}
a:6:{s:3:"row";i:62;s:7:"message";s:50:"Product with same SKU already exists. SKU: 3937017";s:6:"status";b:0;s:10:"status_msg";s:14:"Failed/Skipped";s:7:"post_id";s:0:"";s:9:"post_link";a:2:{s:5:"title";s:22:"Không có tiêu đề";s:8:"edit_url";b:0;}}
a:6:{s:3:"row";i:63;s:7:"message";s:50:"Product with same SKU already exists. SKU: 3938007";s:6:"status";b:0;s:10:"status_msg";s:14:"Failed/Skipped";s:7:"post_id";s:0:"";s:9:"post_link";a:2:{s:5:"title";s:22:"Không có tiêu đề";s:8:"edit_url";b:0;}}
a:6:{s:3:"row";i:64;s:7:"message";s:50:"Product with same SKU already exists. SKU: 3938010";s:6:"status";b:0;s:10:"status_msg";s:14:"Failed/Skipped";s:7:"post_id";s:0:"";s:9:"post_link";a:2:{s:5:"title";s:22:"Không có tiêu đề";s:8:"edit_url";b:0;}}
a:6:{s:3:"row";i:65;s:7:"message";s:50:"Product with same SKU already exists. SKU: 3938011";s:6:"status";b:0;s:10:"status_msg";s:14:"Failed/Skipped";s:7:"post_id";s:0:"";s:9:"post_link";a:2:{s:5:"title";s:22:"Không có tiêu đề";s:8:"edit_url";b:0;}}
a:6:{s:3:"row";i:66;s:7:"message";s:50:"Product with same SKU already exists. SKU: 3938012";s:6:"status";b:0;s:10:"status_msg";s:14:"Failed/Skipped";s:7:"post_id";s:0:"";s:9:"post_link";a:2:{s:5:"title";s:22:"Không có tiêu đề";s:8:"edit_url";b:0;}}
a:6:{s:3:"row";i:67;s:7:"message";s:50:"Product with same SKU already exists. SKU: 3938014";s:6:"status";b:0;s:10:"status_msg";s:14:"Failed/Skipped";s:7:"post_id";s:0:"";s:9:"post_link";a:2:{s:5:"title";s:22:"Không có tiêu đề";s:8:"edit_url";b:0;}}
a:6:{s:3:"row";i:68;s:7:"message";s:50:"Product with same SKU already exists. SKU: 3938015";s:6:"status";b:0;s:10:"status_msg";s:14:"Failed/Skipped";s:7:"post_id";s:0:"";s:9:"post_link";a:2:{s:5:"title";s:22:"Không có tiêu đề";s:8:"edit_url";b:0;}}
a:6:{s:3:"row";i:69;s:7:"message";s:50:"Product with same SKU already exists. SKU: 3938017";s:6:"status";b:0;s:10:"status_msg";s:14:"Failed/Skipped";s:7:"post_id";s:0:"";s:9:"post_link";a:2:{s:5:"title";s:22:"Không có tiêu đề";s:8:"edit_url";b:0;}}
a:6:{s:3:"row";i:70;s:7:"message";s:50:"Product with same SKU already exists. SKU: 3939015";s:6:"status";b:0;s:10:"status_msg";s:14:"Failed/Skipped";s:7:"post_id";s:0:"";s:9:"post_link";a:2:{s:5:"title";s:22:"Không có tiêu đề";s:8:"edit_url";b:0;}}
a:6:{s:3:"row";i:71;s:7:"message";s:50:"Product with same SKU already exists. SKU: 3939016";s:6:"status";b:0;s:10:"status_msg";s:14:"Failed/Skipped";s:7:"post_id";s:0:"";s:9:"post_link";a:2:{s:5:"title";s:22:"Không có tiêu đề";s:8:"edit_url";b:0;}}
a:6:{s:3:"row";i:72;s:7:"message";s:50:"Product with same SKU already exists. SKU: 3939021";s:6:"status";b:0;s:10:"status_msg";s:14:"Failed/Skipped";s:7:"post_id";s:0:"";s:9:"post_link";a:2:{s:5:"title";s:22:"Không có tiêu đề";s:8:"edit_url";b:0;}}
a:6:{s:3:"row";i:73;s:7:"message";s:50:"Product with same SKU already exists. SKU: 3939022";s:6:"status";b:0;s:10:"status_msg";s:14:"Failed/Skipped";s:7:"post_id";s:0:"";s:9:"post_link";a:2:{s:5:"title";s:22:"Không có tiêu đề";s:8:"edit_url";b:0;}}
a:6:{s:3:"row";i:74;s:7:"message";s:50:"Product with same SKU already exists. SKU: 3939023";s:6:"status";b:0;s:10:"status_msg";s:14:"Failed/Skipped";s:7:"post_id";s:0:"";s:9:"post_link";a:2:{s:5:"title";s:22:"Không có tiêu đề";s:8:"edit_url";b:0;}}
a:6:{s:3:"row";i:75;s:7:"message";s:50:"Product with same SKU already exists. SKU: 3939024";s:6:"status";b:0;s:10:"status_msg";s:14:"Failed/Skipped";s:7:"post_id";s:0:"";s:9:"post_link";a:2:{s:5:"title";s:22:"Không có tiêu đề";s:8:"edit_url";b:0;}}
a:6:{s:3:"row";i:76;s:7:"message";s:50:"Product with same SKU already exists. SKU: 3939025";s:6:"status";b:0;s:10:"status_msg";s:14:"Failed/Skipped";s:7:"post_id";s:0:"";s:9:"post_link";a:2:{s:5:"title";s:22:"Không có tiêu đề";s:8:"edit_url";b:0;}}
a:6:{s:3:"row";i:77;s:7:"message";s:50:"Product with same SKU already exists. SKU: 3939026";s:6:"status";b:0;s:10:"status_msg";s:14:"Failed/Skipped";s:7:"post_id";s:0:"";s:9:"post_link";a:2:{s:5:"title";s:22:"Không có tiêu đề";s:8:"edit_url";b:0;}}
a:6:{s:3:"row";i:78;s:7:"message";s:50:"Product with same SKU already exists. SKU: 3939027";s:6:"status";b:0;s:10:"status_msg";s:14:"Failed/Skipped";s:7:"post_id";s:0:"";s:9:"post_link";a:2:{s:5:"title";s:22:"Không có tiêu đề";s:8:"edit_url";b:0;}}
a:6:{s:3:"row";i:79;s:7:"message";s:50:"Product with same SKU already exists. SKU: 3940005";s:6:"status";b:0;s:10:"status_msg";s:14:"Failed/Skipped";s:7:"post_id";s:0:"";s:9:"post_link";a:2:{s:5:"title";s:22:"Không có tiêu đề";s:8:"edit_url";b:0;}}
a:6:{s:3:"row";i:80;s:7:"message";s:50:"Product with same SKU already exists. SKU: 3940006";s:6:"status";b:0;s:10:"status_msg";s:14:"Failed/Skipped";s:7:"post_id";s:0:"";s:9:"post_link";a:2:{s:5:"title";s:22:"Không có tiêu đề";s:8:"edit_url";b:0;}}
a:6:{s:3:"row";i:81;s:7:"message";s:50:"Product with same SKU already exists. SKU: 3940007";s:6:"status";b:0;s:10:"status_msg";s:14:"Failed/Skipped";s:7:"post_id";s:0:"";s:9:"post_link";a:2:{s:5:"title";s:22:"Không có tiêu đề";s:8:"edit_url";b:0;}}
a:6:{s:3:"row";i:82;s:7:"message";s:50:"Product with same SKU already exists. SKU: 3940011";s:6:"status";b:0;s:10:"status_msg";s:14:"Failed/Skipped";s:7:"post_id";s:0:"";s:9:"post_link";a:2:{s:5:"title";s:22:"Không có tiêu đề";s:8:"edit_url";b:0;}}
a:6:{s:3:"row";i:83;s:7:"message";s:50:"Product with same SKU already exists. SKU: 3940013";s:6:"status";b:0;s:10:"status_msg";s:14:"Failed/Skipped";s:7:"post_id";s:0:"";s:9:"post_link";a:2:{s:5:"title";s:22:"Không có tiêu đề";s:8:"edit_url";b:0;}}
a:6:{s:3:"row";i:84;s:7:"message";s:50:"Product with same SKU already exists. SKU: 3940015";s:6:"status";b:0;s:10:"status_msg";s:14:"Failed/Skipped";s:7:"post_id";s:0:"";s:9:"post_link";a:2:{s:5:"title";s:22:"Không có tiêu đề";s:8:"edit_url";b:0;}}
a:6:{s:3:"row";i:85;s:7:"message";s:50:"Product with same SKU already exists. SKU: 3940016";s:6:"status";b:0;s:10:"status_msg";s:14:"Failed/Skipped";s:7:"post_id";s:0:"";s:9:"post_link";a:2:{s:5:"title";s:22:"Không có tiêu đề";s:8:"edit_url";b:0;}}
a:6:{s:3:"row";i:86;s:7:"message";s:50:"Product with same SKU already exists. SKU: 3941003";s:6:"status";b:0;s:10:"status_msg";s:14:"Failed/Skipped";s:7:"post_id";s:0:"";s:9:"post_link";a:2:{s:5:"title";s:22:"Không có tiêu đề";s:8:"edit_url";b:0;}}
a:6:{s:3:"row";i:87;s:7:"message";s:52:"Product with same SKU already exists. SKU: 08CF00451";s:6:"status";b:0;s:10:"status_msg";s:14:"Failed/Skipped";s:7:"post_id";s:0:"";s:9:"post_link";a:2:{s:5:"title";s:22:"Không có tiêu đề";s:8:"edit_url";b:0;}}
a:6:{s:3:"row";i:88;s:7:"message";s:52:"Product with same SKU already exists. SKU: 08CF00456";s:6:"status";b:0;s:10:"status_msg";s:14:"Failed/Skipped";s:7:"post_id";s:0:"";s:9:"post_link";a:2:{s:5:"title";s:22:"Không có tiêu đề";s:8:"edit_url";b:0;}}
a:6:{s:3:"row";i:89;s:7:"message";s:52:"Product with same SKU already exists. SKU: 09NC00096";s:6:"status";b:0;s:10:"status_msg";s:14:"Failed/Skipped";s:7:"post_id";s:0:"";s:9:"post_link";a:2:{s:5:"title";s:22:"Không có tiêu đề";s:8:"edit_url";b:0;}}
a:6:{s:3:"row";i:90;s:7:"message";s:47:"Product with same SKU already exists. SKU: BDSS";s:6:"status";b:0;s:10:"status_msg";s:14:"Failed/Skipped";s:7:"post_id";s:0:"";s:9:"post_link";a:2:{s:5:"title";s:22:"Không có tiêu đề";s:8:"edit_url";b:0;}}
a:6:{s:3:"row";i:91;s:7:"message";s:48:"Product with same SKU already exists. SKU: CĐXL";s:6:"status";b:0;s:10:"status_msg";s:14:"Failed/Skipped";s:7:"post_id";s:0:"";s:9:"post_link";a:2:{s:5:"title";s:22:"Không có tiêu đề";s:8:"edit_url";b:0;}}
a:6:{s:3:"row";i:92;s:7:"message";s:48:"Product with same SKU already exists. SKU: CĐXT";s:6:"status";b:0;s:10:"status_msg";s:14:"Failed/Skipped";s:7:"post_id";s:0:"";s:9:"post_link";a:2:{s:5:"title";s:22:"Không có tiêu đề";s:8:"edit_url";b:0;}}
a:6:{s:3:"row";i:93;s:7:"message";s:48:"Product with same SKU already exists. SKU: CKIDT";s:6:"status";b:0;s:10:"status_msg";s:14:"Failed/Skipped";s:7:"post_id";s:0:"";s:9:"post_link";a:2:{s:5:"title";s:22:"Không có tiêu đề";s:8:"edit_url";b:0;}}
a:6:{s:3:"row";i:94;s:7:"message";s:47:"Product with same SKU already exists. SKU: CTBL";s:6:"status";b:0;s:10:"status_msg";s:14:"Failed/Skipped";s:7:"post_id";s:0:"";s:9:"post_link";a:2:{s:5:"title";s:22:"Không có tiêu đề";s:8:"edit_url";b:0;}}
a:6:{s:3:"row";i:95;s:7:"message";s:47:"Product with same SKU already exists. SKU: CYCT";s:6:"status";b:0;s:10:"status_msg";s:14:"Failed/Skipped";s:7:"post_id";s:0:"";s:9:"post_link";a:2:{s:5:"title";s:22:"Không có tiêu đề";s:8:"edit_url";b:0;}}
a:6:{s:3:"row";i:96;s:7:"message";s:49:"Product with same SKU already exists. SKU: CYLTBT";s:6:"status";b:0;s:10:"status_msg";s:14:"Failed/Skipped";s:7:"post_id";s:0:"";s:9:"post_link";a:2:{s:5:"title";s:22:"Không có tiêu đề";s:8:"edit_url";b:0;}}
a:6:{s:3:"row";i:97;s:7:"message";s:49:"Product with same SKU already exists. SKU: CYTBT1";s:6:"status";b:0;s:10:"status_msg";s:14:"Failed/Skipped";s:7:"post_id";s:0:"";s:9:"post_link";a:2:{s:5:"title";s:22:"Không có tiêu đề";s:8:"edit_url";b:0;}}
a:6:{s:3:"row";i:98;s:7:"message";s:48:"Product with same SKU already exists. SKU: NYNDT";s:6:"status";b:0;s:10:"status_msg";s:14:"Failed/Skipped";s:7:"post_id";s:0:"";s:9:"post_link";a:2:{s:5:"title";s:22:"Không có tiêu đề";s:8:"edit_url";b:0;}}
a:6:{s:3:"row";i:99;s:7:"message";s:49:"Product with same SKU already exists. SKU: TBT415";s:6:"status";b:0;s:10:"status_msg";s:14:"Failed/Skipped";s:7:"post_id";s:0:"";s:9:"post_link";a:2:{s:5:"title";s:22:"Không có tiêu đề";s:8:"edit_url";b:0;}}
a:6:{s:3:"row";i:100;s:7:"message";s:48:"Product with same SKU already exists. SKU: I100G";s:6:"status";b:0;s:10:"status_msg";s:14:"Failed/Skipped";s:7:"post_id";s:0:"";s:9:"post_link";a:2:{s:5:"title";s:22:"Không có tiêu đề";s:8:"edit_url";b:0;}}
a:6:{s:3:"row";i:101;s:7:"message";s:48:"Product with same SKU already exists. SKU: I140G";s:6:"status";b:0;s:10:"status_msg";s:14:"Failed/Skipped";s:7:"post_id";s:0:"";s:9:"post_link";a:2:{s:5:"title";s:22:"Không có tiêu đề";s:8:"edit_url";b:0;}}
a:6:{s:3:"row";i:102;s:7:"message";s:48:"Product with same SKU already exists. SKU: I180G";s:6:"status";b:0;s:10:"status_msg";s:14:"Failed/Skipped";s:7:"post_id";s:0:"";s:9:"post_link";a:2:{s:5:"title";s:22:"Không có tiêu đề";s:8:"edit_url";b:0;}}
a:6:{s:3:"row";i:103;s:7:"message";s:45:"Product with same SKU already exists. SKU: OB";s:6:"status";b:0;s:10:"status_msg";s:14:"Failed/Skipped";s:7:"post_id";s:0:"";s:9:"post_link";a:2:{s:5:"title";s:22:"Không có tiêu đề";s:8:"edit_url";b:0;}}
a:6:{s:3:"row";i:104;s:7:"message";s:48:"Product with same SKU already exists. SKU: OB104";s:6:"status";b:0;s:10:"status_msg";s:14:"Failed/Skipped";s:7:"post_id";s:0:"";s:9:"post_link";a:2:{s:5:"title";s:22:"Không có tiêu đề";s:8:"edit_url";b:0;}}
a:6:{s:3:"row";i:105;s:7:"message";s:49:"Product with same SKU already exists. SKU: OM118G";s:6:"status";b:0;s:10:"status_msg";s:14:"Failed/Skipped";s:7:"post_id";s:0:"";s:9:"post_link";a:2:{s:5:"title";s:22:"Không có tiêu đề";s:8:"edit_url";b:0;}}
a:6:{s:3:"row";i:106;s:7:"message";s:48:"Product with same SKU already exists. SKU: ON150";s:6:"status";b:0;s:10:"status_msg";s:14:"Failed/Skipped";s:7:"post_id";s:0:"";s:9:"post_link";a:2:{s:5:"title";s:22:"Không có tiêu đề";s:8:"edit_url";b:0;}}
a:6:{s:3:"row";i:107;s:7:"message";s:49:"Product with same SKU already exists. SKU: ON230G";s:6:"status";b:0;s:10:"status_msg";s:14:"Failed/Skipped";s:7:"post_id";s:0:"";s:9:"post_link";a:2:{s:5:"title";s:22:"Không có tiêu đề";s:8:"edit_url";b:0;}}
a:6:{s:3:"row";i:108;s:7:"message";s:45:"Product with same SKU already exists. SKU: OT";s:6:"status";b:0;s:10:"status_msg";s:14:"Failed/Skipped";s:7:"post_id";s:0:"";s:9:"post_link";a:2:{s:5:"title";s:22:"Không có tiêu đề";s:8:"edit_url";b:0;}}
a:6:{s:3:"row";i:109;s:7:"message";s:50:"Product with same SKU already exists. SKU: PMS118G";s:6:"status";b:0;s:10:"status_msg";s:14:"Failed/Skipped";s:7:"post_id";s:0:"";s:9:"post_link";a:2:{s:5:"title";s:22:"Không có tiêu đề";s:8:"edit_url";b:0;}}
a:6:{s:3:"row";i:110;s:7:"message";s:49:"Product with same SKU already exists. SKU: SN120G";s:6:"status";b:0;s:10:"status_msg";s:14:"Failed/Skipped";s:7:"post_id";s:0:"";s:9:"post_link";a:2:{s:5:"title";s:22:"Không có tiêu đề";s:8:"edit_url";b:0;}}
a:6:{s:3:"row";i:111;s:7:"message";s:54:"Product with same SKU already exists. SKU: 1B123039163";s:6:"status";b:0;s:10:"status_msg";s:14:"Failed/Skipped";s:7:"post_id";s:0:"";s:9:"post_link";a:2:{s:5:"title";s:22:"Không có tiêu đề";s:8:"edit_url";b:0;}}
a:6:{s:3:"row";i:112;s:7:"message";s:54:"Product with same SKU already exists. SKU: 1G123048125";s:6:"status";b:0;s:10:"status_msg";s:14:"Failed/Skipped";s:7:"post_id";s:0:"";s:9:"post_link";a:2:{s:5:"title";s:22:"Không có tiêu đề";s:8:"edit_url";b:0;}}
a:6:{s:3:"row";i:113;s:7:"message";s:54:"Product with same SKU already exists. SKU: 1H123019163";s:6:"status";b:0;s:10:"status_msg";s:14:"Failed/Skipped";s:7:"post_id";s:0:"";s:9:"post_link";a:2:{s:5:"title";s:22:"Không có tiêu đề";s:8:"edit_url";b:0;}}
a:6:{s:3:"row";i:114;s:7:"message";s:54:"Product with same SKU already exists. SKU: 1K123052189";s:6:"status";b:0;s:10:"status_msg";s:14:"Failed/Skipped";s:7:"post_id";s:0:"";s:9:"post_link";a:2:{s:5:"title";s:22:"Không có tiêu đề";s:8:"edit_url";b:0;}}
a:6:{s:3:"row";i:115;s:7:"message";s:54:"Product with same SKU already exists. SKU: 1M123016163";s:6:"status";b:0;s:10:"status_msg";s:14:"Failed/Skipped";s:7:"post_id";s:0:"";s:9:"post_link";a:2:{s:5:"title";s:22:"Không có tiêu đề";s:8:"edit_url";b:0;}}
a:6:{s:3:"row";i:116;s:7:"message";s:54:"Product with same SKU already exists. SKU: 1N123022163";s:6:"status";b:0;s:10:"status_msg";s:14:"Failed/Skipped";s:7:"post_id";s:0:"";s:9:"post_link";a:2:{s:5:"title";s:22:"Không có tiêu đề";s:8:"edit_url";b:0;}}
a:6:{s:3:"row";i:117;s:7:"message";s:54:"Product with same SKU already exists. SKU: 1N123052188";s:6:"status";b:0;s:10:"status_msg";s:14:"Failed/Skipped";s:7:"post_id";s:0:"";s:9:"post_link";a:2:{s:5:"title";s:22:"Không có tiêu đề";s:8:"edit_url";b:0;}}
a:6:{s:3:"row";i:118;s:7:"message";s:54:"Product with same SKU already exists. SKU: 1S123002163";s:6:"status";b:0;s:10:"status_msg";s:14:"Failed/Skipped";s:7:"post_id";s:0:"";s:9:"post_link";a:2:{s:5:"title";s:22:"Không có tiêu đề";s:8:"edit_url";b:0;}}
a:6:{s:3:"row";i:119;s:7:"message";s:54:"Product with same SKU already exists. SKU: 1T123041163";s:6:"status";b:0;s:10:"status_msg";s:14:"Failed/Skipped";s:7:"post_id";s:0:"";s:9:"post_link";a:2:{s:5:"title";s:22:"Không có tiêu đề";s:8:"edit_url";b:0;}}
a:6:{s:3:"row";i:120;s:7:"message";s:54:"Product with same SKU already exists. SKU: 1W123051188";s:6:"status";b:0;s:10:"status_msg";s:14:"Failed/Skipped";s:7:"post_id";s:0:"";s:9:"post_link";a:2:{s:5:"title";s:22:"Không có tiêu đề";s:8:"edit_url";b:0;}}
a:6:{s:3:"row";i:121;s:7:"message";s:55:"Product with same SKU already exists. SKU: 20B123039152";s:6:"status";b:0;s:10:"status_msg";s:14:"Failed/Skipped";s:7:"post_id";s:0:"";s:9:"post_link";a:2:{s:5:"title";s:22:"Không có tiêu đề";s:8:"edit_url";b:0;}}
a:6:{s:3:"row";i:122;s:7:"message";s:55:"Product with same SKU already exists. SKU: 20B123039153";s:6:"status";b:0;s:10:"status_msg";s:14:"Failed/Skipped";s:7:"post_id";s:0:"";s:9:"post_link";a:2:{s:5:"title";s:22:"Không có tiêu đề";s:8:"edit_url";b:0;}}
a:6:{s:3:"row";i:123;s:7:"message";s:55:"Product with same SKU already exists. SKU: 20G123048152";s:6:"status";b:0;s:10:"status_msg";s:14:"Failed/Skipped";s:7:"post_id";s:0:"";s:9:"post_link";a:2:{s:5:"title";s:22:"Không có tiêu đề";s:8:"edit_url";b:0;}}
a:6:{s:3:"row";i:124;s:7:"message";s:55:"Product with same SKU already exists. SKU: 20K123438041";s:6:"status";b:0;s:10:"status_msg";s:14:"Failed/Skipped";s:7:"post_id";s:0:"";s:9:"post_link";a:2:{s:5:"title";s:22:"Không có tiêu đề";s:8:"edit_url";b:0;}}
a:6:{s:3:"row";i:125;s:7:"message";s:55:"Product with same SKU already exists. SKU: 20M123205152";s:6:"status";b:0;s:10:"status_msg";s:14:"Failed/Skipped";s:7:"post_id";s:0:"";s:9:"post_link";a:2:{s:5:"title";s:22:"Không có tiêu đề";s:8:"edit_url";b:0;}}
a:6:{s:3:"row";i:126;s:7:"message";s:55:"Product with same SKU already exists. SKU: 20N123206152";s:6:"status";b:0;s:10:"status_msg";s:14:"Failed/Skipped";s:7:"post_id";s:0:"";s:9:"post_link";a:2:{s:5:"title";s:22:"Không có tiêu đề";s:8:"edit_url";b:0;}}
a:6:{s:3:"row";i:127;s:7:"message";s:55:"Product with same SKU already exists. SKU: 20S123213152";s:6:"status";b:0;s:10:"status_msg";s:14:"Failed/Skipped";s:7:"post_id";s:0:"";s:9:"post_link";a:2:{s:5:"title";s:22:"Không có tiêu đề";s:8:"edit_url";b:0;}}
a:6:{s:3:"row";i:128;s:7:"message";s:55:"Product with same SKU already exists. SKU: 20T123041152";s:6:"status";b:0;s:10:"status_msg";s:14:"Failed/Skipped";s:7:"post_id";s:0:"";s:9:"post_link";a:2:{s:5:"title";s:22:"Không có tiêu đề";s:8:"edit_url";b:0;}}
a:6:{s:3:"row";i:129;s:7:"message";s:54:"Product with same SKU already exists. SKU: 5B120103151";s:6:"status";b:0;s:10:"status_msg";s:14:"Failed/Skipped";s:7:"post_id";s:0:"";s:9:"post_link";a:2:{s:5:"title";s:22:"Không có tiêu đề";s:8:"edit_url";b:0;}}
a:6:{s:3:"row";i:130;s:7:"message";s:54:"Product with same SKU already exists. SKU: 5B120132151";s:6:"status";b:0;s:10:"status_msg";s:14:"Failed/Skipped";s:7:"post_id";s:0:"";s:9:"post_link";a:2:{s:5:"title";s:22:"Không có tiêu đề";s:8:"edit_url";b:0;}}
a:6:{s:3:"row";i:131;s:7:"message";s:54:"Product with same SKU already exists. SKU: 5B120139167";s:6:"status";b:0;s:10:"status_msg";s:14:"Failed/Skipped";s:7:"post_id";s:0:"";s:9:"post_link";a:2:{s:5:"title";s:22:"Không có tiêu đề";s:8:"edit_url";b:0;}}
a:6:{s:3:"row";i:132;s:7:"message";s:54:"Product with same SKU already exists. SKU: 5G120124151";s:6:"status";b:0;s:10:"status_msg";s:14:"Failed/Skipped";s:7:"post_id";s:0:"";s:9:"post_link";a:2:{s:5:"title";s:22:"Không có tiêu đề";s:8:"edit_url";b:0;}}
a:6:{s:3:"row";i:133;s:7:"message";s:54:"Product with same SKU already exists. SKU: 5M120118151";s:6:"status";b:0;s:10:"status_msg";s:14:"Failed/Skipped";s:7:"post_id";s:0:"";s:9:"post_link";a:2:{s:5:"title";s:22:"Không có tiêu đề";s:8:"edit_url";b:0;}}
a:6:{s:3:"row";i:134;s:7:"message";s:53:"Product with same SKU already exists. SKU: 5M12013683";s:6:"status";b:0;s:10:"status_msg";s:14:"Failed/Skipped";s:7:"post_id";s:0:"";s:9:"post_link";a:2:{s:5:"title";s:22:"Không có tiêu đề";s:8:"edit_url";b:0;}}
a:6:{s:3:"row";i:135;s:7:"message";s:55:"Product with same SKU already exists. SKU: 5PT120501121";s:6:"status";b:0;s:10:"status_msg";s:14:"Failed/Skipped";s:7:"post_id";s:0:"";s:9:"post_link";a:2:{s:5:"title";s:22:"Không có tiêu đề";s:8:"edit_url";b:0;}}
a:6:{s:3:"row";i:136;s:7:"message";s:54:"Product with same SKU already exists. SKU: 5Q120137160";s:6:"status";b:0;s:10:"status_msg";s:14:"Failed/Skipped";s:7:"post_id";s:0:"";s:9:"post_link";a:2:{s:5:"title";s:22:"Không có tiêu đề";s:8:"edit_url";b:0;}}
a:6:{s:3:"row";i:137;s:7:"message";s:54:"Product with same SKU already exists. SKU: 5Q120138160";s:6:"status";b:0;s:10:"status_msg";s:14:"Failed/Skipped";s:7:"post_id";s:0:"";s:9:"post_link";a:2:{s:5:"title";s:22:"Không có tiêu đề";s:8:"edit_url";b:0;}}
a:6:{s:3:"row";i:138;s:7:"message";s:54:"Product with same SKU already exists. SKU: 5T120102151";s:6:"status";b:0;s:10:"status_msg";s:14:"Failed/Skipped";s:7:"post_id";s:0:"";s:9:"post_link";a:2:{s:5:"title";s:22:"Không có tiêu đề";s:8:"edit_url";b:0;}}
a:6:{s:3:"row";i:139;s:7:"message";s:54:"Product with same SKU already exists. SKU: 6B123039028";s:6:"status";b:0;s:10:"status_msg";s:14:"Failed/Skipped";s:7:"post_id";s:0:"";s:9:"post_link";a:2:{s:5:"title";s:22:"Không có tiêu đề";s:8:"edit_url";b:0;}}
a:6:{s:3:"row";i:140;s:7:"message";s:54:"Product with same SKU already exists. SKU: 6G123048017";s:6:"status";b:0;s:10:"status_msg";s:14:"Failed/Skipped";s:7:"post_id";s:0:"";s:9:"post_link";a:2:{s:5:"title";s:22:"Không có tiêu đề";s:8:"edit_url";b:0;}}
a:6:{s:3:"row";i:141;s:7:"message";s:54:"Product with same SKU already exists. SKU: 6M123035024";s:6:"status";b:0;s:10:"status_msg";s:14:"Failed/Skipped";s:7:"post_id";s:0:"";s:9:"post_link";a:2:{s:5:"title";s:22:"Không có tiêu đề";s:8:"edit_url";b:0;}}
a:6:{s:3:"row";i:142;s:7:"message";s:54:"Product with same SKU already exists. SKU: 6N123020024";s:6:"status";b:0;s:10:"status_msg";s:14:"Failed/Skipped";s:7:"post_id";s:0:"";s:9:"post_link";a:2:{s:5:"title";s:22:"Không có tiêu đề";s:8:"edit_url";b:0;}}
a:6:{s:3:"row";i:143;s:7:"message";s:54:"Product with same SKU already exists. SKU: 6S123013024";s:6:"status";b:0;s:10:"status_msg";s:14:"Failed/Skipped";s:7:"post_id";s:0:"";s:9:"post_link";a:2:{s:5:"title";s:22:"Không có tiêu đề";s:8:"edit_url";b:0;}}
a:6:{s:3:"row";i:144;s:7:"message";s:54:"Product with same SKU already exists. SKU: 6T123041024";s:6:"status";b:0;s:10:"status_msg";s:14:"Failed/Skipped";s:7:"post_id";s:0:"";s:9:"post_link";a:2:{s:5:"title";s:22:"Không có tiêu đề";s:8:"edit_url";b:0;}}
a:6:{s:3:"row";i:145;s:7:"message";s:55:"Product with same SKU already exists. SKU: P1B120103175";s:6:"status";b:0;s:10:"status_msg";s:14:"Failed/Skipped";s:7:"post_id";s:0:"";s:9:"post_link";a:2:{s:5:"title";s:22:"Không có tiêu đề";s:8:"edit_url";b:0;}}
a:6:{s:3:"row";i:146;s:7:"message";s:55:"Product with same SKU already exists. SKU: P1B120132193";s:6:"status";b:0;s:10:"status_msg";s:14:"Failed/Skipped";s:7:"post_id";s:0:"";s:9:"post_link";a:2:{s:5:"title";s:22:"Không có tiêu đề";s:8:"edit_url";b:0;}}
a:6:{s:3:"row";i:147;s:7:"message";s:55:"Product with same SKU already exists. SKU: P1G120124184";s:6:"status";b:0;s:10:"status_msg";s:14:"Failed/Skipped";s:7:"post_id";s:0:"";s:9:"post_link";a:2:{s:5:"title";s:22:"Không có tiêu đề";s:8:"edit_url";b:0;}}
a:6:{s:3:"row";i:148;s:7:"message";s:55:"Product with same SKU already exists. SKU: P1M120135175";s:6:"status";b:0;s:10:"status_msg";s:14:"Failed/Skipped";s:7:"post_id";s:0:"";s:9:"post_link";a:2:{s:5:"title";s:22:"Không có tiêu đề";s:8:"edit_url";b:0;}}
a:6:{s:3:"row";i:149;s:7:"message";s:55:"Product with same SKU already exists. SKU: P1P120501194";s:6:"status";b:0;s:10:"status_msg";s:14:"Failed/Skipped";s:7:"post_id";s:0:"";s:9:"post_link";a:2:{s:5:"title";s:22:"Không có tiêu đề";s:8:"edit_url";b:0;}}
a:6:{s:3:"row";i:150;s:7:"message";s:55:"Product with same SKU already exists. SKU: P1Q120137184";s:6:"status";b:0;s:10:"status_msg";s:14:"Failed/Skipped";s:7:"post_id";s:0:"";s:9:"post_link";a:2:{s:5:"title";s:22:"Không có tiêu đề";s:8:"edit_url";b:0;}}
a:6:{s:3:"row";i:151;s:7:"message";s:55:"Product with same SKU already exists. SKU: P1T102135177";s:6:"status";b:0;s:10:"status_msg";s:14:"Failed/Skipped";s:7:"post_id";s:0:"";s:9:"post_link";a:2:{s:5:"title";s:22:"Không có tiêu đề";s:8:"edit_url";b:0;}}
a:6:{s:3:"row";i:152;s:7:"message";s:52:"Product with same SKU already exists. SKU: 301000007";s:6:"status";b:0;s:10:"status_msg";s:14:"Failed/Skipped";s:7:"post_id";s:0:"";s:9:"post_link";a:2:{s:5:"title";s:22:"Không có tiêu đề";s:8:"edit_url";b:0;}}
a:6:{s:3:"row";i:153;s:7:"message";s:52:"Product with same SKU already exists. SKU: 301000021";s:6:"status";b:0;s:10:"status_msg";s:14:"Failed/Skipped";s:7:"post_id";s:0:"";s:9:"post_link";a:2:{s:5:"title";s:22:"Không có tiêu đề";s:8:"edit_url";b:0;}}
a:6:{s:3:"row";i:154;s:7:"message";s:52:"Product with same SKU already exists. SKU: 301000022";s:6:"status";b:0;s:10:"status_msg";s:14:"Failed/Skipped";s:7:"post_id";s:0:"";s:9:"post_link";a:2:{s:5:"title";s:22:"Không có tiêu đề";s:8:"edit_url";b:0;}}
a:6:{s:3:"row";i:155;s:7:"message";s:52:"Product with same SKU already exists. SKU: 301000024";s:6:"status";b:0;s:10:"status_msg";s:14:"Failed/Skipped";s:7:"post_id";s:0:"";s:9:"post_link";a:2:{s:5:"title";s:22:"Không có tiêu đề";s:8:"edit_url";b:0;}}
a:6:{s:3:"row";i:156;s:7:"message";s:52:"Product with same SKU already exists. SKU: 301000030";s:6:"status";b:0;s:10:"status_msg";s:14:"Failed/Skipped";s:7:"post_id";s:0:"";s:9:"post_link";a:2:{s:5:"title";s:22:"Không có tiêu đề";s:8:"edit_url";b:0;}}
a:6:{s:3:"row";i:157;s:7:"message";s:52:"Product with same SKU already exists. SKU: 301000055";s:6:"status";b:0;s:10:"status_msg";s:14:"Failed/Skipped";s:7:"post_id";s:0:"";s:9:"post_link";a:2:{s:5:"title";s:22:"Không có tiêu đề";s:8:"edit_url";b:0;}}
a:6:{s:3:"row";i:158;s:7:"message";s:52:"Product with same SKU already exists. SKU: 301000059";s:6:"status";b:0;s:10:"status_msg";s:14:"Failed/Skipped";s:7:"post_id";s:0:"";s:9:"post_link";a:2:{s:5:"title";s:22:"Không có tiêu đề";s:8:"edit_url";b:0;}}
a:6:{s:3:"row";i:159;s:7:"message";s:52:"Product with same SKU already exists. SKU: 301000063";s:6:"status";b:0;s:10:"status_msg";s:14:"Failed/Skipped";s:7:"post_id";s:0:"";s:9:"post_link";a:2:{s:5:"title";s:22:"Không có tiêu đề";s:8:"edit_url";b:0;}}
a:6:{s:3:"row";i:160;s:7:"message";s:52:"Product with same SKU already exists. SKU: 304000006";s:6:"status";b:0;s:10:"status_msg";s:14:"Failed/Skipped";s:7:"post_id";s:0:"";s:9:"post_link";a:2:{s:5:"title";s:22:"Không có tiêu đề";s:8:"edit_url";b:0;}}
a:6:{s:3:"row";i:161;s:7:"message";s:52:"Product with same SKU already exists. SKU: 305000003";s:6:"status";b:0;s:10:"status_msg";s:14:"Failed/Skipped";s:7:"post_id";s:0:"";s:9:"post_link";a:2:{s:5:"title";s:22:"Không có tiêu đề";s:8:"edit_url";b:0;}}
a:6:{s:3:"row";i:162;s:7:"message";s:51:"Product with same SKU already exists. SKU: HLBĐ220";s:6:"status";b:0;s:10:"status_msg";s:14:"Failed/Skipped";s:7:"post_id";s:0:"";s:9:"post_link";a:2:{s:5:"title";s:22:"Không có tiêu đề";s:8:"edit_url";b:0;}}
a:6:{s:3:"row";i:163;s:7:"message";s:51:"Product with same SKU already exists. SKU: HLHĐ180";s:6:"status";b:0;s:10:"status_msg";s:14:"Failed/Skipped";s:7:"post_id";s:0:"";s:9:"post_link";a:2:{s:5:"title";s:22:"Không có tiêu đề";s:8:"edit_url";b:0;}}
a:6:{s:3:"row";i:164;s:7:"message";s:49:"Product with same SKU already exists. SKU: MLH180";s:6:"status";b:0;s:10:"status_msg";s:14:"Failed/Skipped";s:7:"post_id";s:0:"";s:9:"post_link";a:2:{s:5:"title";s:22:"Không có tiêu đề";s:8:"edit_url";b:0;}}
a:6:{s:3:"row";i:165;s:7:"message";s:48:"Product with same SKU already exists. SKU: SSC80";s:6:"status";b:0;s:10:"status_msg";s:14:"Failed/Skipped";s:7:"post_id";s:0:"";s:9:"post_link";a:2:{s:5:"title";s:22:"Không có tiêu đề";s:8:"edit_url";b:0;}}
a:6:{s:3:"row";i:166;s:7:"message";s:48:"Product with same SKU already exists. SKU: SSD80";s:6:"status";b:0;s:10:"status_msg";s:14:"Failed/Skipped";s:7:"post_id";s:0:"";s:9:"post_link";a:2:{s:5:"title";s:22:"Không có tiêu đề";s:8:"edit_url";b:0;}}
a:6:{s:3:"row";i:167;s:7:"message";s:48:"Product with same SKU already exists. SKU: SST80";s:6:"status";b:0;s:10:"status_msg";s:14:"Failed/Skipped";s:7:"post_id";s:0:"";s:9:"post_link";a:2:{s:5:"title";s:22:"Không có tiêu đề";s:8:"edit_url";b:0;}}
a:6:{s:3:"row";i:168;s:7:"message";s:50:"Product with same SKU already exists. SKU: VBĐ220";s:6:"status";b:0;s:10:"status_msg";s:14:"Failed/Skipped";s:7:"post_id";s:0:"";s:9:"post_link";a:2:{s:5:"title";s:22:"Không có tiêu đề";s:8:"edit_url";b:0;}}
a:6:{s:3:"row";i:169;s:7:"message";s:51:"Product with same SKU already exists. SKU: VBKĐ220";s:6:"status";b:0;s:10:"status_msg";s:14:"Failed/Skipped";s:7:"post_id";s:0:"";s:9:"post_link";a:2:{s:5:"title";s:22:"Không có tiêu đề";s:8:"edit_url";b:0;}}
a:6:{s:3:"row";i:170;s:7:"message";s:49:"Product with same SKU already exists. SKU: VH1LĐ";s:6:"status";b:0;s:10:"status_msg";s:14:"Failed/Skipped";s:7:"post_id";s:0:"";s:9:"post_link";a:2:{s:5:"title";s:22:"Không có tiêu đề";s:8:"edit_url";b:0;}}
a:6:{s:3:"row";i:171;s:7:"message";s:50:"Product with same SKU already exists. SKU: VH1LKĐ";s:6:"status";b:0;s:10:"status_msg";s:14:"Failed/Skipped";s:7:"post_id";s:0:"";s:9:"post_link";a:2:{s:5:"title";s:22:"Không có tiêu đề";s:8:"edit_url";b:0;}}
a:6:{s:3:"row";i:172;s:7:"message";s:50:"Product with same SKU already exists. SKU: VHĐ110";s:6:"status";b:0;s:10:"status_msg";s:14:"Failed/Skipped";s:7:"post_id";s:0:"";s:9:"post_link";a:2:{s:5:"title";s:22:"Không có tiêu đề";s:8:"edit_url";b:0;}}
a:6:{s:3:"row";i:173;s:7:"message";s:50:"Product with same SKU already exists. SKU: VHĐ180";s:6:"status";b:0;s:10:"status_msg";s:14:"Failed/Skipped";s:7:"post_id";s:0:"";s:9:"post_link";a:2:{s:5:"title";s:22:"Không có tiêu đề";s:8:"edit_url";b:0;}}
a:6:{s:3:"row";i:174;s:7:"message";s:50:"Product with same SKU already exists. SKU: VPNG380";s:6:"status";b:0;s:10:"status_msg";s:14:"Failed/Skipped";s:7:"post_id";s:0:"";s:9:"post_link";a:2:{s:5:"title";s:22:"Không có tiêu đề";s:8:"edit_url";b:0;}}
a:6:{s:3:"row";i:175;s:7:"message";s:51:"Product with same SKU already exists. SKU: VPNK1284";s:6:"status";b:0;s:10:"status_msg";s:14:"Failed/Skipped";s:7:"post_id";s:0:"";s:9:"post_link";a:2:{s:5:"title";s:22:"Không có tiêu đề";s:8:"edit_url";b:0;}}
a:6:{s:3:"row";i:176;s:7:"message";s:49:"Product with same SKU already exists. SKU: YMC170";s:6:"status";b:0;s:10:"status_msg";s:14:"Failed/Skipped";s:7:"post_id";s:0:"";s:9:"post_link";a:2:{s:5:"title";s:22:"Không có tiêu đề";s:8:"edit_url";b:0;}}
a:6:{s:3:"row";i:177;s:7:"message";s:49:"Product with same SKU already exists. SKU: YMD170";s:6:"status";b:0;s:10:"status_msg";s:14:"Failed/Skipped";s:7:"post_id";s:0:"";s:9:"post_link";a:2:{s:5:"title";s:22:"Không có tiêu đề";s:8:"edit_url";b:0;}}
a:6:{s:3:"row";i:178;s:7:"message";s:47:"Product with same SKU already exists. SKU: SKHS";s:6:"status";b:0;s:10:"status_msg";s:14:"Failed/Skipped";s:7:"post_id";s:0:"";s:9:"post_link";a:2:{s:5:"title";s:22:"Không có tiêu đề";s:8:"edit_url";b:0;}}
a:6:{s:3:"row";i:179;s:7:"message";s:47:"Product with same SKU already exists. SKU: SKHD";s:6:"status";b:0;s:10:"status_msg";s:14:"Failed/Skipped";s:7:"post_id";s:0:"";s:9:"post_link";a:2:{s:5:"title";s:22:"Không có tiêu đề";s:8:"edit_url";b:0;}}
a:6:{s:3:"row";i:180;s:7:"message";s:47:"Product with same SKU already exists. SKU: SKHC";s:6:"status";b:0;s:10:"status_msg";s:14:"Failed/Skipped";s:7:"post_id";s:0:"";s:9:"post_link";a:2:{s:5:"title";s:22:"Không có tiêu đề";s:8:"edit_url";b:0;}}
a:6:{s:3:"row";i:181;s:7:"message";s:47:"Product with same SKU already exists. SKU: SKHN";s:6:"status";b:0;s:10:"status_msg";s:14:"Failed/Skipped";s:7:"post_id";s:0:"";s:9:"post_link";a:2:{s:5:"title";s:22:"Không có tiêu đề";s:8:"edit_url";b:0;}}
a:6:{s:3:"row";i:182;s:7:"message";s:47:"Product with same SKU already exists. SKU: SKTC";s:6:"status";b:0;s:10:"status_msg";s:14:"Failed/Skipped";s:7:"post_id";s:0:"";s:9:"post_link";a:2:{s:5:"title";s:22:"Không có tiêu đề";s:8:"edit_url";b:0;}}
a:6:{s:3:"row";i:183;s:7:"message";s:47:"Product with same SKU already exists. SKU: SKTN";s:6:"status";b:0;s:10:"status_msg";s:14:"Failed/Skipped";s:7:"post_id";s:0:"";s:9:"post_link";a:2:{s:5:"title";s:22:"Không có tiêu đề";s:8:"edit_url";b:0;}}
a:6:{s:3:"row";i:184;s:7:"message";s:47:"Product with same SKU already exists. SKU: SKTD";s:6:"status";b:0;s:10:"status_msg";s:14:"Failed/Skipped";s:7:"post_id";s:0:"";s:9:"post_link";a:2:{s:5:"title";s:22:"Không có tiêu đề";s:8:"edit_url";b:0;}}
a:6:{s:3:"row";i:185;s:7:"message";s:49:"Product with same SKU already exists. SKU: SKTD-1";s:6:"status";b:0;s:10:"status_msg";s:14:"Failed/Skipped";s:7:"post_id";s:0:"";s:9:"post_link";a:2:{s:5:"title";s:22:"Không có tiêu đề";s:8:"edit_url";b:0;}}
a:6:{s:3:"row";i:186;s:7:"message";s:47:"Product with same SKU already exists. SKU: SKTS";s:6:"status";b:0;s:10:"status_msg";s:14:"Failed/Skipped";s:7:"post_id";s:0:"";s:9:"post_link";a:2:{s:5:"title";s:22:"Không có tiêu đề";s:8:"edit_url";b:0;}}
a:6:{s:3:"row";i:187;s:7:"message";s:52:"Product with same SKU already exists. SKU: 305000006";s:6:"status";b:0;s:10:"status_msg";s:14:"Failed/Skipped";s:7:"post_id";s:0:"";s:9:"post_link";a:2:{s:5:"title";s:22:"Không có tiêu đề";s:8:"edit_url";b:0;}}
a:6:{s:3:"row";i:188;s:7:"message";s:52:"Product with same SKU already exists. SKU: 305000013";s:6:"status";b:0;s:10:"status_msg";s:14:"Failed/Skipped";s:7:"post_id";s:0:"";s:9:"post_link";a:2:{s:5:"title";s:22:"Không có tiêu đề";s:8:"edit_url";b:0;}}
a:6:{s:3:"row";i:189;s:7:"message";s:52:"Product with same SKU already exists. SKU: 306000002";s:6:"status";b:0;s:10:"status_msg";s:14:"Failed/Skipped";s:7:"post_id";s:0:"";s:9:"post_link";a:2:{s:5:"title";s:22:"Không có tiêu đề";s:8:"edit_url";b:0;}}
a:6:{s:3:"row";i:190;s:7:"message";s:52:"Product with same SKU already exists. SKU: 306000003";s:6:"status";b:0;s:10:"status_msg";s:14:"Failed/Skipped";s:7:"post_id";s:0:"";s:9:"post_link";a:2:{s:5:"title";s:22:"Không có tiêu đề";s:8:"edit_url";b:0;}}
a:6:{s:3:"row";i:191;s:7:"message";s:52:"Product with same SKU already exists. SKU: 306000000";s:6:"status";b:0;s:10:"status_msg";s:14:"Failed/Skipped";s:7:"post_id";s:0:"";s:9:"post_link";a:2:{s:5:"title";s:22:"Không có tiêu đề";s:8:"edit_url";b:0;}}
a:6:{s:3:"row";i:192;s:7:"message";s:52:"Product with same SKU already exists. SKU: 307000019";s:6:"status";b:0;s:10:"status_msg";s:14:"Failed/Skipped";s:7:"post_id";s:0:"";s:9:"post_link";a:2:{s:5:"title";s:22:"Không có tiêu đề";s:8:"edit_url";b:0;}}
a:6:{s:3:"row";i:193;s:7:"message";s:52:"Product with same SKU already exists. SKU: 307000015";s:6:"status";b:0;s:10:"status_msg";s:14:"Failed/Skipped";s:7:"post_id";s:0:"";s:9:"post_link";a:2:{s:5:"title";s:22:"Không có tiêu đề";s:8:"edit_url";b:0;}}
a:6:{s:3:"row";i:194;s:7:"message";s:52:"Product with same SKU already exists. SKU: 307000016";s:6:"status";b:0;s:10:"status_msg";s:14:"Failed/Skipped";s:7:"post_id";s:0:"";s:9:"post_link";a:2:{s:5:"title";s:22:"Không có tiêu đề";s:8:"edit_url";b:0;}}
a:6:{s:3:"row";i:195;s:7:"message";s:17:"Skipping new item";s:6:"status";b:0;s:10:"status_msg";s:14:"Failed/Skipped";s:7:"post_id";s:0:"";s:9:"post_link";a:2:{s:5:"title";s:22:"Không có tiêu đề";s:8:"edit_url";b:0;}}
a:6:{s:3:"row";i:196;s:7:"message";s:17:"Skipping new item";s:6:"status";b:0;s:10:"status_msg";s:14:"Failed/Skipped";s:7:"post_id";s:0:"";s:9:"post_link";a:2:{s:5:"title";s:22:"Không có tiêu đề";s:8:"edit_url";b:0;}}
