11-07-2023 @ 13:09:27 - ---[ New import started at 2023-11-07 06:09:27 ] PHP Memory: 768 MB, WP Memory: 256 MB
11-07-2023 @ 13:09:27 - Preparing for import.
11-07-2023 @ 13:09:27 - Row :1 - Parsing item.
11-07-2023 @ 13:09:27 - Row :1 - Parsing failed. Reason: Product with same SKU already exists. SKU: GT.ANLANH.S.10A
11-07-2023 @ 13:09:27 - Row :2 - Parsing item.
11-07-2023 @ 13:09:27 - Row :2 - Parsing failed. Reason: Product with same SKU already exists. SKU: GT.DT8.S.05B
11-07-2023 @ 13:09:27 - Row :3 - Parsing item.
11-07-2023 @ 13:09:27 - Row :3 - Parsing failed. Reason: Product with same SKU already exists. SKU: GT.DT8.S.10A
11-07-2023 @ 13:09:27 - Row :4 - Parsing item.
11-07-2023 @ 13:09:27 - Row :4 - Parsing failed. Reason: Product with same SKU already exists. SKU: GT.JAPO.S.05B
11-07-2023 @ 13:09:27 - Row :5 - Parsing item.
11-07-2023 @ 13:09:27 - Row :5 - Parsing failed. Reason: Product with same SKU already exists. SKU: GT.ST21.S.05D
11-07-2023 @ 13:09:27 - Row :6 - Parsing item.
11-07-2023 @ 13:09:27 - Row :6 - Parsing failed. Reason: Product with same SKU already exists. SKU: GT.ST24.S.05C
11-07-2023 @ 13:09:27 - Row :7 - Parsing item.
11-07-2023 @ 13:09:27 - Row :7 - Parsing failed. Reason: Product with same SKU already exists. SKU: GT.ST25.S.05C
11-07-2023 @ 13:09:27 - Row :8 - Parsing item.
11-07-2023 @ 13:09:27 - Row :8 - Parsing failed. Reason: Product with same SKU already exists. SKU: GT.ST25T.S.05B
11-07-2023 @ 13:09:27 - Row :9 - Parsing item.
11-07-2023 @ 13:09:27 - Row :9 - Parsing failed. Reason: Product with same SKU already exists. SKU: A11
11-07-2023 @ 13:09:27 - Row :10 - Parsing item.
11-07-2023 @ 13:09:27 - Row :10 - Parsing failed. Reason: Product with same SKU already exists. SKU: A2
11-07-2023 @ 13:09:28 - Preparing for import.
11-07-2023 @ 13:09:28 - Row :11 - Parsing item.
11-07-2023 @ 13:09:28 - Row :11 - Parsing failed. Reason: Product with same SKU already exists. SKU: A26
11-07-2023 @ 13:09:28 - Row :12 - Parsing item.
11-07-2023 @ 13:09:28 - Row :12 - Parsing failed. Reason: Product with same SKU already exists. SKU: A29
11-07-2023 @ 13:09:28 - Row :13 - Parsing item.
11-07-2023 @ 13:09:28 - Row :13 - Parsing failed. Reason: Product with same SKU already exists. SKU: A291
11-07-2023 @ 13:09:28 - Row :14 - Parsing item.
11-07-2023 @ 13:09:28 - Row :14 - Parsing failed. Reason: Product with same SKU already exists. SKU: A350
11-07-2023 @ 13:09:28 - Row :15 - Parsing item.
11-07-2023 @ 13:09:28 - Row :15 - Parsing failed. Reason: Product with same SKU already exists. SKU: A380
11-07-2023 @ 13:09:28 - Row :16 - Parsing item.
11-07-2023 @ 13:09:28 - Row :16 - Parsing failed. Reason: Product with same SKU already exists. SKU: A4
11-07-2023 @ 13:09:28 - Row :17 - Parsing item.
11-07-2023 @ 13:09:28 - Row :17 - Parsing failed. Reason: Product with same SKU already exists. SKU: A43
11-07-2023 @ 13:09:28 - Row :18 - Parsing item.
11-07-2023 @ 13:09:28 - Row :18 - Parsing failed. Reason: Product with same SKU already exists. SKU: A53
11-07-2023 @ 13:09:28 - Row :19 - Parsing item.
11-07-2023 @ 13:09:28 - Row :19 - Parsing failed. Reason: Product with same SKU already exists. SKU: A57
11-07-2023 @ 13:09:28 - Row :20 - Parsing item.
11-07-2023 @ 13:09:28 - Row :20 - Parsing failed. Reason: Product with same SKU already exists. SKU: A700
11-07-2023 @ 13:09:29 - Preparing for import.
11-07-2023 @ 13:09:29 - Row :21 - Parsing item.
11-07-2023 @ 13:09:29 - Row :21 - Parsing failed. Reason: Product with same SKU already exists. SKU: A770
11-07-2023 @ 13:09:29 - Row :22 - Parsing item.
11-07-2023 @ 13:09:29 - Row :22 - Parsing failed. Reason: Product with same SKU already exists. SKU: AN19H
11-07-2023 @ 13:09:29 - Row :23 - Parsing item.
11-07-2023 @ 13:09:29 - Row :23 - Parsing failed. Reason: Product with same SKU already exists. SKU: AN19V
11-07-2023 @ 13:09:29 - Row :24 - Parsing item.
11-07-2023 @ 13:09:29 - Row :24 - Parsing failed. Reason: Product with same SKU already exists. SKU: AN27
11-07-2023 @ 13:09:29 - Row :25 - Parsing item.
11-07-2023 @ 13:09:29 - Row :25 - Parsing failed. Reason: Product with same SKU already exists. SKU: AN271
11-07-2023 @ 13:09:29 - Row :26 - Parsing item.
11-07-2023 @ 13:09:29 - Row :26 - Parsing failed. Reason: Product with same SKU already exists. SKU: AN36
11-07-2023 @ 13:09:29 - Row :27 - Parsing item.
11-07-2023 @ 13:09:29 - Row :27 - Parsing failed. Reason: Product with same SKU already exists. SKU: AN36H
11-07-2023 @ 13:09:29 - Row :28 - Parsing item.
11-07-2023 @ 13:09:29 - Row :28 - Parsing failed. Reason: Product with same SKU already exists. SKU: BK2
11-07-2023 @ 13:09:29 - Row :29 - Parsing item.
11-07-2023 @ 13:09:29 - Row :29 - Parsing failed. Reason: Product with same SKU already exists. SKU: BK23
11-07-2023 @ 13:09:29 - Row :30 - Parsing item.
11-07-2023 @ 13:09:29 - Row :30 - Parsing failed. Reason: Product with same SKU already exists. SKU: BK231
11-07-2023 @ 13:09:30 - Preparing for import.
11-07-2023 @ 13:09:30 - Row :31 - Parsing item.
11-07-2023 @ 13:09:30 - Row :31 - Parsing failed. Reason: Product with same SKU already exists. SKU: BK311
11-07-2023 @ 13:09:30 - Row :32 - Parsing item.
11-07-2023 @ 13:09:30 - Row :32 - Parsing failed. Reason: Product with same SKU already exists. SKU: BK312
11-07-2023 @ 13:09:30 - Row :33 - Parsing item.
11-07-2023 @ 13:09:30 - Row :33 - Parsing failed. Reason: Product with same SKU already exists. SKU: BK33H
11-07-2023 @ 13:09:30 - Row :34 - Parsing item.
11-07-2023 @ 13:09:30 - Row :34 - Parsing failed. Reason: Product with same SKU already exists. SKU: BK33X
11-07-2023 @ 13:09:30 - Row :35 - Parsing item.
11-07-2023 @ 13:09:30 - Row :35 - Parsing failed. Reason: Product with same SKU already exists. SKU: BK43
11-07-2023 @ 13:09:30 - Row :36 - Parsing item.
11-07-2023 @ 13:09:30 - Row :36 - Parsing failed. Reason: Product with same SKU already exists. SKU: BK520
11-07-2023 @ 13:09:30 - Row :37 - Parsing item.
11-07-2023 @ 13:09:30 - Row :37 - Parsing failed. Reason: Product with same SKU already exists. SKU: BK57
11-07-2023 @ 13:09:30 - Row :38 - Parsing item.
11-07-2023 @ 13:09:30 - Row :38 - Parsing failed. Reason: Product with same SKU already exists. SKU: EBNGH
11-07-2023 @ 13:09:30 - Row :39 - Parsing item.
11-07-2023 @ 13:09:30 - Row :39 - Parsing failed. Reason: Product with same SKU already exists. SKU: EKEN
11-07-2023 @ 13:09:30 - Row :40 - Parsing item.
11-07-2023 @ 13:09:30 - Row :40 - Parsing failed. Reason: Product with same SKU already exists. SKU: ELOT
11-07-2023 @ 13:09:30 - Preparing for import.
11-07-2023 @ 13:09:30 - Row :41 - Parsing item.
11-07-2023 @ 13:09:30 - Row :41 - Parsing failed. Reason: Product with same SKU already exists. SKU: EMUN
11-07-2023 @ 13:09:30 - Row :42 - Parsing item.
11-07-2023 @ 13:09:30 - Row :42 - Parsing failed. Reason: Product with same SKU already exists. SKU: ETOM
11-07-2023 @ 13:09:30 - Row :43 - Parsing item.
11-07-2023 @ 13:09:30 - Row :43 - Parsing failed. Reason: Product with same SKU already exists. SKU: JUNC82
11-07-2023 @ 13:09:30 - Row :44 - Parsing item.
11-07-2023 @ 13:09:30 - Row :44 - Parsing failed. Reason: Product with same SKU already exists. SKU: JUNC83
11-07-2023 @ 13:09:30 - Row :45 - Parsing item.
11-07-2023 @ 13:09:30 - Row :45 - Parsing failed. Reason: Product with same SKU already exists. SKU: JUNT4
11-07-2023 @ 13:09:30 - Row :46 - Parsing item.
11-07-2023 @ 13:09:30 - Row :46 - Parsing failed. Reason: Product with same SKU already exists. SKU: KDR1
11-07-2023 @ 13:09:30 - Row :47 - Parsing item.
11-07-2023 @ 13:09:30 - Row :47 - Parsing failed. Reason: Product with same SKU already exists. SKU: KDR7
11-07-2023 @ 13:09:30 - Row :48 - Parsing item.
11-07-2023 @ 13:09:30 - Row :48 - Parsing failed. Reason: Product with same SKU already exists. SKU: KDR8
11-07-2023 @ 13:09:30 - Row :49 - Parsing item.
11-07-2023 @ 13:09:30 - Row :49 - Parsing failed. Reason: Product with same SKU already exists. SKU: RC1
11-07-2023 @ 13:09:30 - Row :50 - Parsing item.
11-07-2023 @ 13:09:30 - Row :50 - Parsing failed. Reason: Product with same SKU already exists. SKU: RC3
11-07-2023 @ 13:09:31 - Preparing for import.
11-07-2023 @ 13:09:31 - Row :51 - Parsing item.
11-07-2023 @ 13:09:31 - Row :51 - Parsing failed. Reason: Product with same SKU already exists. SKU: 3921018
11-07-2023 @ 13:09:31 - Row :52 - Parsing item.
11-07-2023 @ 13:09:31 - Row :52 - Parsing failed. Reason: Product with same SKU already exists. SKU: 3921020
11-07-2023 @ 13:09:31 - Row :53 - Parsing item.
11-07-2023 @ 13:09:31 - Row :53 - Parsing failed. Reason: Product with same SKU already exists. SKU: 3921021
11-07-2023 @ 13:09:31 - Row :54 - Parsing item.
11-07-2023 @ 13:09:31 - Row :54 - Parsing failed. Reason: Product with same SKU already exists. SKU: 3921022
11-07-2023 @ 13:09:31 - Row :55 - Parsing item.
11-07-2023 @ 13:09:31 - Row :55 - Parsing failed. Reason: Product with same SKU already exists. SKU: 3921024
11-07-2023 @ 13:09:31 - Row :56 - Parsing item.
11-07-2023 @ 13:09:31 - Row :56 - Parsing failed. Reason: Product with same SKU already exists. SKU: 3921026
11-07-2023 @ 13:09:31 - Row :57 - Parsing item.
11-07-2023 @ 13:09:31 - Row :57 - Parsing failed. Reason: Product with same SKU already exists. SKU: 3921028
11-07-2023 @ 13:09:31 - Row :58 - Parsing item.
11-07-2023 @ 13:09:31 - Row :58 - Parsing failed. Reason: Product with same SKU already exists. SKU: 3937011
11-07-2023 @ 13:09:31 - Row :59 - Parsing item.
11-07-2023 @ 13:09:31 - Row :59 - Parsing failed. Reason: Product with same SKU already exists. SKU: 3937012
11-07-2023 @ 13:09:31 - Row :60 - Parsing item.
11-07-2023 @ 13:09:31 - Row :60 - Parsing failed. Reason: Product with same SKU already exists. SKU: 3937013
11-07-2023 @ 13:09:32 - Preparing for import.
11-07-2023 @ 13:09:32 - Row :61 - Parsing item.
11-07-2023 @ 13:09:32 - Row :61 - Parsing failed. Reason: Product with same SKU already exists. SKU: 3937016
11-07-2023 @ 13:09:32 - Row :62 - Parsing item.
11-07-2023 @ 13:09:32 - Row :62 - Parsing failed. Reason: Product with same SKU already exists. SKU: 3937017
11-07-2023 @ 13:09:32 - Row :63 - Parsing item.
11-07-2023 @ 13:09:32 - Row :63 - Parsing failed. Reason: Product with same SKU already exists. SKU: 3938007
11-07-2023 @ 13:09:32 - Row :64 - Parsing item.
11-07-2023 @ 13:09:32 - Row :64 - Parsing failed. Reason: Product with same SKU already exists. SKU: 3938010
11-07-2023 @ 13:09:32 - Row :65 - Parsing item.
11-07-2023 @ 13:09:32 - Row :65 - Parsing failed. Reason: Product with same SKU already exists. SKU: 3938011
11-07-2023 @ 13:09:32 - Row :66 - Parsing item.
11-07-2023 @ 13:09:32 - Row :66 - Parsing failed. Reason: Product with same SKU already exists. SKU: 3938012
11-07-2023 @ 13:09:32 - Row :67 - Parsing item.
11-07-2023 @ 13:09:32 - Row :67 - Parsing failed. Reason: Product with same SKU already exists. SKU: 3938014
11-07-2023 @ 13:09:32 - Row :68 - Parsing item.
11-07-2023 @ 13:09:32 - Row :68 - Parsing failed. Reason: Product with same SKU already exists. SKU: 3938015
11-07-2023 @ 13:09:32 - Row :69 - Parsing item.
11-07-2023 @ 13:09:32 - Row :69 - Parsing failed. Reason: Product with same SKU already exists. SKU: 3938017
11-07-2023 @ 13:09:32 - Row :70 - Parsing item.
11-07-2023 @ 13:09:32 - Row :70 - Parsing failed. Reason: Product with same SKU already exists. SKU: 3939015
11-07-2023 @ 13:09:32 - Preparing for import.
11-07-2023 @ 13:09:32 - Row :71 - Parsing item.
11-07-2023 @ 13:09:32 - Row :71 - Parsing failed. Reason: Product with same SKU already exists. SKU: 3939016
11-07-2023 @ 13:09:32 - Row :72 - Parsing item.
11-07-2023 @ 13:09:32 - Row :72 - Parsing failed. Reason: Product with same SKU already exists. SKU: 3939021
11-07-2023 @ 13:09:32 - Row :73 - Parsing item.
11-07-2023 @ 13:09:32 - Row :73 - Parsing failed. Reason: Product with same SKU already exists. SKU: 3939022
11-07-2023 @ 13:09:32 - Row :74 - Parsing item.
11-07-2023 @ 13:09:32 - Row :74 - Parsing failed. Reason: Product with same SKU already exists. SKU: 3939023
11-07-2023 @ 13:09:32 - Row :75 - Parsing item.
11-07-2023 @ 13:09:32 - Row :75 - Parsing failed. Reason: Product with same SKU already exists. SKU: 3939024
11-07-2023 @ 13:09:32 - Row :76 - Parsing item.
11-07-2023 @ 13:09:32 - Row :76 - Parsing failed. Reason: Product with same SKU already exists. SKU: 3939025
11-07-2023 @ 13:09:32 - Row :77 - Parsing item.
11-07-2023 @ 13:09:32 - Row :77 - Parsing failed. Reason: Product with same SKU already exists. SKU: 3939026
11-07-2023 @ 13:09:32 - Row :78 - Parsing item.
11-07-2023 @ 13:09:32 - Row :78 - Parsing failed. Reason: Product with same SKU already exists. SKU: 3939027
11-07-2023 @ 13:09:32 - Row :79 - Parsing item.
11-07-2023 @ 13:09:32 - Row :79 - Parsing failed. Reason: Product with same SKU already exists. SKU: 3940005
11-07-2023 @ 13:09:32 - Row :80 - Parsing item.
11-07-2023 @ 13:09:32 - Row :80 - Parsing failed. Reason: Product with same SKU already exists. SKU: 3940006
11-07-2023 @ 13:09:33 - Preparing for import.
11-07-2023 @ 13:09:33 - Row :81 - Parsing item.
11-07-2023 @ 13:09:33 - Row :81 - Parsing failed. Reason: Product with same SKU already exists. SKU: 3940007
11-07-2023 @ 13:09:33 - Row :82 - Parsing item.
11-07-2023 @ 13:09:33 - Row :82 - Parsing failed. Reason: Product with same SKU already exists. SKU: 3940011
11-07-2023 @ 13:09:33 - Row :83 - Parsing item.
11-07-2023 @ 13:09:33 - Row :83 - Parsing failed. Reason: Product with same SKU already exists. SKU: 3940013
11-07-2023 @ 13:09:33 - Row :84 - Parsing item.
11-07-2023 @ 13:09:33 - Row :84 - Parsing failed. Reason: Product with same SKU already exists. SKU: 3940015
11-07-2023 @ 13:09:33 - Row :85 - Parsing item.
11-07-2023 @ 13:09:33 - Row :85 - Parsing failed. Reason: Product with same SKU already exists. SKU: 3940016
11-07-2023 @ 13:09:33 - Row :86 - Parsing item.
11-07-2023 @ 13:09:33 - Row :86 - Parsing failed. Reason: Product with same SKU already exists. SKU: 3941003
11-07-2023 @ 13:09:33 - Row :87 - Parsing item.
11-07-2023 @ 13:09:33 - Row :87 - Parsing failed. Reason: Product with same SKU already exists. SKU: 08CF00451
11-07-2023 @ 13:09:33 - Row :88 - Parsing item.
11-07-2023 @ 13:09:33 - Row :88 - Parsing failed. Reason: Product with same SKU already exists. SKU: 08CF00456
11-07-2023 @ 13:09:33 - Row :89 - Parsing item.
11-07-2023 @ 13:09:33 - Row :89 - Parsing failed. Reason: Product with same SKU already exists. SKU: 09NC00096
11-07-2023 @ 13:09:33 - Row :90 - Parsing item.
11-07-2023 @ 13:09:33 - Row :90 - Parsing failed. Reason: Product with same SKU already exists. SKU: BDSS
11-07-2023 @ 13:09:34 - Preparing for import.
11-07-2023 @ 13:09:34 - Row :91 - Parsing item.
11-07-2023 @ 13:09:34 - Row :91 - Parsing failed. Reason: Product with same SKU already exists. SKU: CĐXL
11-07-2023 @ 13:09:34 - Row :92 - Parsing item.
11-07-2023 @ 13:09:34 - Row :92 - Parsing failed. Reason: Product with same SKU already exists. SKU: CĐXT
11-07-2023 @ 13:09:34 - Row :93 - Parsing item.
11-07-2023 @ 13:09:34 - Row :93 - Parsing failed. Reason: Product with same SKU already exists. SKU: CKIDT
11-07-2023 @ 13:09:34 - Row :94 - Parsing item.
11-07-2023 @ 13:09:34 - Row :94 - Parsing failed. Reason: Product with same SKU already exists. SKU: CTBL
11-07-2023 @ 13:09:34 - Row :95 - Parsing item.
11-07-2023 @ 13:09:34 - Row :95 - Parsing failed. Reason: Product with same SKU already exists. SKU: CYCT
11-07-2023 @ 13:09:34 - Row :96 - Parsing item.
11-07-2023 @ 13:09:34 - Row :96 - Parsing failed. Reason: Product with same SKU already exists. SKU: CYLTBT
11-07-2023 @ 13:09:34 - Row :97 - Parsing item.
11-07-2023 @ 13:09:34 - Row :97 - Parsing failed. Reason: Product with same SKU already exists. SKU: CYTBT1
11-07-2023 @ 13:09:34 - Row :98 - Parsing item.
11-07-2023 @ 13:09:34 - Row :98 - Parsing failed. Reason: Product with same SKU already exists. SKU: NYNDT
11-07-2023 @ 13:09:34 - Row :99 - Parsing item.
11-07-2023 @ 13:09:34 - Row :99 - Parsing failed. Reason: Product with same SKU already exists. SKU: TBT415
11-07-2023 @ 13:09:34 - Row :100 - Parsing item.
11-07-2023 @ 13:09:34 - Row :100 - Parsing failed. Reason: Product with same SKU already exists. SKU: I100G
11-07-2023 @ 13:09:34 - Preparing for import.
11-07-2023 @ 13:09:34 - Row :101 - Parsing item.
11-07-2023 @ 13:09:34 - Row :101 - Parsing failed. Reason: Product with same SKU already exists. SKU: I140G
11-07-2023 @ 13:09:34 - Row :102 - Parsing item.
11-07-2023 @ 13:09:34 - Row :102 - Parsing failed. Reason: Product with same SKU already exists. SKU: I180G
11-07-2023 @ 13:09:34 - Row :103 - Parsing item.
11-07-2023 @ 13:09:34 - Row :103 - Parsing failed. Reason: Product with same SKU already exists. SKU: OB
11-07-2023 @ 13:09:34 - Row :104 - Parsing item.
11-07-2023 @ 13:09:34 - Row :104 - Parsing failed. Reason: Product with same SKU already exists. SKU: OB104
11-07-2023 @ 13:09:34 - Row :105 - Parsing item.
11-07-2023 @ 13:09:34 - Row :105 - Parsing failed. Reason: Product with same SKU already exists. SKU: OM118G
11-07-2023 @ 13:09:34 - Row :106 - Parsing item.
11-07-2023 @ 13:09:34 - Row :106 - Parsing failed. Reason: Product with same SKU already exists. SKU: ON150
11-07-2023 @ 13:09:34 - Row :107 - Parsing item.
11-07-2023 @ 13:09:34 - Row :107 - Parsing failed. Reason: Product with same SKU already exists. SKU: ON230G
11-07-2023 @ 13:09:34 - Row :108 - Parsing item.
11-07-2023 @ 13:09:34 - Row :108 - Parsing failed. Reason: Product with same SKU already exists. SKU: OT
11-07-2023 @ 13:09:34 - Row :109 - Parsing item.
11-07-2023 @ 13:09:34 - Row :109 - Parsing failed. Reason: Product with same SKU already exists. SKU: PMS118G
11-07-2023 @ 13:09:34 - Row :110 - Parsing item.
11-07-2023 @ 13:09:34 - Row :110 - Parsing failed. Reason: Product with same SKU already exists. SKU: SN120G
11-07-2023 @ 13:09:35 - Preparing for import.
11-07-2023 @ 13:09:35 - Row :111 - Parsing item.
11-07-2023 @ 13:09:35 - Row :111 - Parsing failed. Reason: Product with same SKU already exists. SKU: 1B123039163
11-07-2023 @ 13:09:35 - Row :112 - Parsing item.
11-07-2023 @ 13:09:35 - Row :112 - Parsing failed. Reason: Product with same SKU already exists. SKU: 1G123048125
11-07-2023 @ 13:09:35 - Row :113 - Parsing item.
11-07-2023 @ 13:09:35 - Row :113 - Parsing failed. Reason: Product with same SKU already exists. SKU: 1H123019163
11-07-2023 @ 13:09:35 - Row :114 - Parsing item.
11-07-2023 @ 13:09:35 - Row :114 - Parsing failed. Reason: Product with same SKU already exists. SKU: 1K123052189
11-07-2023 @ 13:09:35 - Row :115 - Parsing item.
11-07-2023 @ 13:09:35 - Row :115 - Parsing failed. Reason: Product with same SKU already exists. SKU: 1M123016163
11-07-2023 @ 13:09:35 - Row :116 - Parsing item.
11-07-2023 @ 13:09:35 - Row :116 - Parsing failed. Reason: Product with same SKU already exists. SKU: 1N123022163
11-07-2023 @ 13:09:35 - Row :117 - Parsing item.
11-07-2023 @ 13:09:35 - Row :117 - Parsing failed. Reason: Product with same SKU already exists. SKU: 1N123052188
11-07-2023 @ 13:09:35 - Row :118 - Parsing item.
11-07-2023 @ 13:09:35 - Row :118 - Parsing failed. Reason: Product with same SKU already exists. SKU: 1S123002163
11-07-2023 @ 13:09:35 - Row :119 - Parsing item.
11-07-2023 @ 13:09:35 - Row :119 - Parsing failed. Reason: Product with same SKU already exists. SKU: 1T123041163
11-07-2023 @ 13:09:35 - Row :120 - Parsing item.
11-07-2023 @ 13:09:35 - Row :120 - Parsing failed. Reason: Product with same SKU already exists. SKU: 1W123051188
11-07-2023 @ 13:09:36 - Preparing for import.
11-07-2023 @ 13:09:36 - Row :121 - Parsing item.
11-07-2023 @ 13:09:36 - Row :121 - Parsing failed. Reason: Product with same SKU already exists. SKU: 20B123039152
11-07-2023 @ 13:09:36 - Row :122 - Parsing item.
11-07-2023 @ 13:09:36 - Row :122 - Parsing failed. Reason: Product with same SKU already exists. SKU: 20B123039153
11-07-2023 @ 13:09:36 - Row :123 - Parsing item.
11-07-2023 @ 13:09:36 - Row :123 - Parsing failed. Reason: Product with same SKU already exists. SKU: 20G123048152
11-07-2023 @ 13:09:36 - Row :124 - Parsing item.
11-07-2023 @ 13:09:36 - Row :124 - Parsing failed. Reason: Product with same SKU already exists. SKU: 20K123438041
11-07-2023 @ 13:09:36 - Row :125 - Parsing item.
11-07-2023 @ 13:09:36 - Row :125 - Parsing failed. Reason: Product with same SKU already exists. SKU: 20M123205152
11-07-2023 @ 13:09:36 - Row :126 - Parsing item.
11-07-2023 @ 13:09:36 - Row :126 - Parsing failed. Reason: Product with same SKU already exists. SKU: 20N123206152
11-07-2023 @ 13:09:36 - Row :127 - Parsing item.
11-07-2023 @ 13:09:36 - Row :127 - Parsing failed. Reason: Product with same SKU already exists. SKU: 20S123213152
11-07-2023 @ 13:09:36 - Row :128 - Parsing item.
11-07-2023 @ 13:09:36 - Row :128 - Parsing failed. Reason: Product with same SKU already exists. SKU: 20T123041152
11-07-2023 @ 13:09:36 - Row :129 - Parsing item.
11-07-2023 @ 13:09:36 - Row :129 - Parsing failed. Reason: Product with same SKU already exists. SKU: 5B120103151
11-07-2023 @ 13:09:36 - Row :130 - Parsing item.
11-07-2023 @ 13:09:36 - Row :130 - Parsing failed. Reason: Product with same SKU already exists. SKU: 5B120132151
11-07-2023 @ 13:09:37 - Preparing for import.
11-07-2023 @ 13:09:37 - Row :131 - Parsing item.
11-07-2023 @ 13:09:37 - Row :131 - Parsing failed. Reason: Product with same SKU already exists. SKU: 5B120139167
11-07-2023 @ 13:09:37 - Row :132 - Parsing item.
11-07-2023 @ 13:09:37 - Row :132 - Parsing failed. Reason: Product with same SKU already exists. SKU: 5G120124151
11-07-2023 @ 13:09:37 - Row :133 - Parsing item.
11-07-2023 @ 13:09:37 - Row :133 - Parsing failed. Reason: Product with same SKU already exists. SKU: 5M120118151
11-07-2023 @ 13:09:37 - Row :134 - Parsing item.
11-07-2023 @ 13:09:37 - Row :134 - Parsing failed. Reason: Product with same SKU already exists. SKU: 5M12013683
11-07-2023 @ 13:09:37 - Row :135 - Parsing item.
11-07-2023 @ 13:09:37 - Row :135 - Parsing failed. Reason: Product with same SKU already exists. SKU: 5PT120501121
11-07-2023 @ 13:09:37 - Row :136 - Parsing item.
11-07-2023 @ 13:09:37 - Row :136 - Parsing failed. Reason: Product with same SKU already exists. SKU: 5Q120137160
11-07-2023 @ 13:09:37 - Row :137 - Parsing item.
11-07-2023 @ 13:09:37 - Row :137 - Parsing failed. Reason: Product with same SKU already exists. SKU: 5Q120138160
11-07-2023 @ 13:09:37 - Row :138 - Parsing item.
11-07-2023 @ 13:09:37 - Row :138 - Parsing failed. Reason: Product with same SKU already exists. SKU: 5T120102151
11-07-2023 @ 13:09:37 - Row :139 - Parsing item.
11-07-2023 @ 13:09:37 - Row :139 - Parsing failed. Reason: Product with same SKU already exists. SKU: 6B123039028
11-07-2023 @ 13:09:37 - Row :140 - Parsing item.
11-07-2023 @ 13:09:37 - Row :140 - Parsing failed. Reason: Product with same SKU already exists. SKU: 6G123048017
11-07-2023 @ 13:09:37 - Preparing for import.
11-07-2023 @ 13:09:37 - Row :141 - Parsing item.
11-07-2023 @ 13:09:37 - Row :141 - Parsing failed. Reason: Product with same SKU already exists. SKU: 6M123035024
11-07-2023 @ 13:09:37 - Row :142 - Parsing item.
11-07-2023 @ 13:09:37 - Row :142 - Parsing failed. Reason: Product with same SKU already exists. SKU: 6N123020024
11-07-2023 @ 13:09:37 - Row :143 - Parsing item.
11-07-2023 @ 13:09:37 - Row :143 - Parsing failed. Reason: Product with same SKU already exists. SKU: 6S123013024
11-07-2023 @ 13:09:37 - Row :144 - Parsing item.
11-07-2023 @ 13:09:37 - Row :144 - Parsing failed. Reason: Product with same SKU already exists. SKU: 6T123041024
11-07-2023 @ 13:09:37 - Row :145 - Parsing item.
11-07-2023 @ 13:09:37 - Row :145 - Parsing failed. Reason: Product with same SKU already exists. SKU: P1B120103175
11-07-2023 @ 13:09:37 - Row :146 - Parsing item.
11-07-2023 @ 13:09:37 - Row :146 - Parsing failed. Reason: Product with same SKU already exists. SKU: P1B120132193
11-07-2023 @ 13:09:37 - Row :147 - Parsing item.
11-07-2023 @ 13:09:37 - Row :147 - Parsing failed. Reason: Product with same SKU already exists. SKU: P1G120124184
11-07-2023 @ 13:09:37 - Row :148 - Parsing item.
11-07-2023 @ 13:09:37 - Row :148 - Parsing failed. Reason: Product with same SKU already exists. SKU: P1M120135175
11-07-2023 @ 13:09:37 - Row :149 - Parsing item.
11-07-2023 @ 13:09:37 - Row :149 - Parsing failed. Reason: Product with same SKU already exists. SKU: P1P120501194
11-07-2023 @ 13:09:37 - Row :150 - Parsing item.
11-07-2023 @ 13:09:37 - Row :150 - Parsing failed. Reason: Product with same SKU already exists. SKU: P1Q120137184
11-07-2023 @ 13:09:38 - Preparing for import.
11-07-2023 @ 13:09:38 - Row :151 - Parsing item.
11-07-2023 @ 13:09:38 - Row :151 - Parsing failed. Reason: Product with same SKU already exists. SKU: P1T102135177
11-07-2023 @ 13:09:38 - Row :152 - Parsing item.
11-07-2023 @ 13:09:38 - Row :152 - Parsing failed. Reason: Product with same SKU already exists. SKU: 301000007
11-07-2023 @ 13:09:38 - Row :153 - Parsing item.
11-07-2023 @ 13:09:38 - Row :153 - Parsing failed. Reason: Product with same SKU already exists. SKU: 301000021
11-07-2023 @ 13:09:38 - Row :154 - Parsing item.
11-07-2023 @ 13:09:38 - Row :154 - Parsing failed. Reason: Product with same SKU already exists. SKU: 301000022
11-07-2023 @ 13:09:38 - Row :155 - Parsing item.
11-07-2023 @ 13:09:38 - Row :155 - Parsing failed. Reason: Product with same SKU already exists. SKU: 301000024
11-07-2023 @ 13:09:38 - Row :156 - Parsing item.
11-07-2023 @ 13:09:38 - Row :156 - Parsing failed. Reason: Product with same SKU already exists. SKU: 301000030
11-07-2023 @ 13:09:38 - Row :157 - Parsing item.
11-07-2023 @ 13:09:38 - Row :157 - Parsing failed. Reason: Product with same SKU already exists. SKU: 301000055
11-07-2023 @ 13:09:38 - Row :158 - Parsing item.
11-07-2023 @ 13:09:38 - Row :158 - Parsing failed. Reason: Product with same SKU already exists. SKU: 301000059
11-07-2023 @ 13:09:38 - Row :159 - Parsing item.
11-07-2023 @ 13:09:38 - Row :159 - Parsing failed. Reason: Product with same SKU already exists. SKU: 301000063
11-07-2023 @ 13:09:38 - Row :160 - Parsing item.
11-07-2023 @ 13:09:38 - Row :160 - Parsing failed. Reason: Product with same SKU already exists. SKU: 304000006
11-07-2023 @ 13:09:39 - Preparing for import.
11-07-2023 @ 13:09:39 - Row :161 - Parsing item.
11-07-2023 @ 13:09:39 - Row :161 - Parsing failed. Reason: Product with same SKU already exists. SKU: 305000003
11-07-2023 @ 13:09:39 - Row :162 - Parsing item.
11-07-2023 @ 13:09:39 - Row :162 - Parsing failed. Reason: Product with same SKU already exists. SKU: HLBĐ220
11-07-2023 @ 13:09:39 - Row :163 - Parsing item.
11-07-2023 @ 13:09:39 - Row :163 - Parsing failed. Reason: Product with same SKU already exists. SKU: HLHĐ180
11-07-2023 @ 13:09:39 - Row :164 - Parsing item.
11-07-2023 @ 13:09:39 - Row :164 - Parsing failed. Reason: Product with same SKU already exists. SKU: MLH180
11-07-2023 @ 13:09:39 - Row :165 - Parsing item.
11-07-2023 @ 13:09:39 - Row :165 - Parsing failed. Reason: Product with same SKU already exists. SKU: SSC80
11-07-2023 @ 13:09:39 - Row :166 - Parsing item.
11-07-2023 @ 13:09:39 - Row :166 - Parsing failed. Reason: Product with same SKU already exists. SKU: SSD80
11-07-2023 @ 13:09:39 - Row :167 - Parsing item.
11-07-2023 @ 13:09:39 - Row :167 - Parsing failed. Reason: Product with same SKU already exists. SKU: SST80
11-07-2023 @ 13:09:39 - Row :168 - Parsing item.
11-07-2023 @ 13:09:39 - Row :168 - Parsing failed. Reason: Product with same SKU already exists. SKU: VBĐ220
11-07-2023 @ 13:09:39 - Row :169 - Parsing item.
11-07-2023 @ 13:09:39 - Row :169 - Parsing failed. Reason: Product with same SKU already exists. SKU: VBKĐ220
11-07-2023 @ 13:09:39 - Row :170 - Parsing item.
11-07-2023 @ 13:09:39 - Row :170 - Parsing failed. Reason: Product with same SKU already exists. SKU: VH1LĐ
11-07-2023 @ 13:09:39 - Preparing for import.
11-07-2023 @ 13:09:39 - Row :171 - Parsing item.
11-07-2023 @ 13:09:39 - Row :171 - Parsing failed. Reason: Product with same SKU already exists. SKU: VH1LKĐ
11-07-2023 @ 13:09:39 - Row :172 - Parsing item.
11-07-2023 @ 13:09:39 - Row :172 - Parsing failed. Reason: Product with same SKU already exists. SKU: VHĐ110
11-07-2023 @ 13:09:39 - Row :173 - Parsing item.
11-07-2023 @ 13:09:39 - Row :173 - Parsing failed. Reason: Product with same SKU already exists. SKU: VHĐ180
11-07-2023 @ 13:09:39 - Row :174 - Parsing item.
11-07-2023 @ 13:09:39 - Row :174 - Parsing failed. Reason: Product with same SKU already exists. SKU: VPNG380
11-07-2023 @ 13:09:39 - Row :175 - Parsing item.
11-07-2023 @ 13:09:39 - Row :175 - Parsing failed. Reason: Product with same SKU already exists. SKU: VPNK1284
11-07-2023 @ 13:09:39 - Row :176 - Parsing item.
11-07-2023 @ 13:09:39 - Row :176 - Parsing failed. Reason: Product with same SKU already exists. SKU: YMC170
11-07-2023 @ 13:09:39 - Row :177 - Parsing item.
11-07-2023 @ 13:09:39 - Row :177 - Parsing failed. Reason: Product with same SKU already exists. SKU: YMD170
11-07-2023 @ 13:09:39 - Row :178 - Parsing item.
11-07-2023 @ 13:09:39 - Row :178 - Parsing failed. Reason: Product with same SKU already exists. SKU: SKHS
11-07-2023 @ 13:09:39 - Row :179 - Parsing item.
11-07-2023 @ 13:09:39 - Row :179 - Parsing failed. Reason: Product with same SKU already exists. SKU: SKHD
11-07-2023 @ 13:09:39 - Row :180 - Parsing item.
11-07-2023 @ 13:09:39 - Row :180 - Parsing failed. Reason: Product with same SKU already exists. SKU: SKHC
11-07-2023 @ 13:09:40 - Preparing for import.
11-07-2023 @ 13:09:40 - Row :181 - Parsing item.
11-07-2023 @ 13:09:40 - Row :181 - Parsing failed. Reason: Product with same SKU already exists. SKU: SKHN
11-07-2023 @ 13:09:40 - Row :182 - Parsing item.
11-07-2023 @ 13:09:40 - Row :182 - Parsing failed. Reason: Product with same SKU already exists. SKU: SKTC
11-07-2023 @ 13:09:40 - Row :183 - Parsing item.
11-07-2023 @ 13:09:40 - Row :183 - Parsing failed. Reason: Product with same SKU already exists. SKU: SKTN
11-07-2023 @ 13:09:40 - Row :184 - Parsing item.
11-07-2023 @ 13:09:40 - Row :184 - Parsing failed. Reason: Product with same SKU already exists. SKU: SKTD
11-07-2023 @ 13:09:40 - Row :185 - Parsing item.
11-07-2023 @ 13:09:40 - Row :185 - Parsing failed. Reason: Product with same SKU already exists. SKU: SKTD-1
11-07-2023 @ 13:09:40 - Row :186 - Parsing item.
11-07-2023 @ 13:09:40 - Row :186 - Parsing failed. Reason: Product with same SKU already exists. SKU: SKTS
11-07-2023 @ 13:09:40 - Row :187 - Parsing item.
11-07-2023 @ 13:09:40 - Row :187 - Parsing failed. Reason: Product with same SKU already exists. SKU: 305000006
11-07-2023 @ 13:09:40 - Row :188 - Parsing item.
11-07-2023 @ 13:09:40 - Row :188 - Parsing failed. Reason: Product with same SKU already exists. SKU: 305000013
11-07-2023 @ 13:09:40 - Row :189 - Parsing item.
11-07-2023 @ 13:09:40 - Row :189 - Parsing failed. Reason: Product with same SKU already exists. SKU: 306000002
11-07-2023 @ 13:09:40 - Row :190 - Parsing item.
11-07-2023 @ 13:09:40 - Row :190 - Parsing failed. Reason: Product with same SKU already exists. SKU: 306000003
11-07-2023 @ 13:09:41 - Preparing for import.
11-07-2023 @ 13:09:41 - Row :191 - Parsing item.
11-07-2023 @ 13:09:41 - Row :191 - Parsing failed. Reason: Product with same SKU already exists. SKU: 306000000
11-07-2023 @ 13:09:41 - Row :192 - Parsing item.
11-07-2023 @ 13:09:41 - Row :192 - Parsing failed. Reason: Product with same SKU already exists. SKU: 307000019
11-07-2023 @ 13:09:41 - Row :193 - Parsing item.
11-07-2023 @ 13:09:41 - Row :193 - Parsing failed. Reason: Product with same SKU already exists. SKU: 307000015
11-07-2023 @ 13:09:41 - Row :194 - Parsing item.
11-07-2023 @ 13:09:41 - Row :194 - Parsing failed. Reason: Product with same SKU already exists. SKU: 307000016
11-07-2023 @ 13:09:41 - Row :195 - Parsing item.
11-07-2023 @ 13:09:41 - Row :195 - Parsing failed. Reason: Skipping new item
11-07-2023 @ 13:09:41 - Row :196 - Parsing item.
11-07-2023 @ 13:09:41 - Row :196 - Parsing failed. Reason: Skipping new item
11-07-2023 @ 13:09:41 - ---[ Import ended at 2023-11-07 06:09:41]---
